#
# A fatal error has been detected by the Java Runtime Environment:
#
#  EXCEPTION_ACCESS_VIOLATION (0xc0000005) at pc=0x00007ffef4ddbe01, pid=27464, tid=43860
#
# JRE version: OpenJDK Runtime Environment Temurin-23.0.1+11 (23.0.1+11) (build 23.0.1+11)
# Java VM: OpenJDK 64-Bit Server VM Temurin-23.0.1+11 (23.0.1+11, mixed mode, sharing, tiered, compressed oops, compressed class ptrs, g1 gc, windows-amd64)
# Problematic frame:
# C  [awt.dll+0xdbe01]
#
# No core dump will be written. Minidumps are not enabled by default on client versions of Windows
#
# If you would like to submit a bug report, please visit:
#   https://github.com/adoptium/adoptium-support/issues
# The crash happened outside the Java Virtual Machine in native code.
# See problematic frame for where to report the bug.
#

---------------  S U M M A R Y ------------

Command Line: -Dfile.encoding=UTF-8 -Dstdout.encoding=UTF-8 -Dstderr.encoding=UTF-8 -XX:+ShowCodeDetailsInExceptionMessages EmployeeDetails

Host: 12th Gen Intel(R) Core(TM) i5-12500H, 16 cores, 15G,  Windows 11 , 64 bit Build 22621 (10.0.22621.4830)
Time: Wed Mar  5 23:58:33 2025 GMT Standard Time elapsed time: 95391.773597 seconds (1d 2h 29m 51s)

---------------  T H R E A D  ---------------

Current thread (0x000001985f3c3190):  JavaThread "AWT-Windows" daemon [_thread_in_native, id=43860, stack(0x0000005803c00000,0x0000005803d00000) (1024K)]

Stack: [0x0000005803c00000,0x0000005803d00000],  sp=0x0000005803cfe8e0,  free space=1018k
Native frames: (J=compiled Java code, j=interpreted, Vv=VM code, C=native code)
C  [awt.dll+0xdbe01]  (no source info available)
C  [awt.dll+0x978ac]  (no source info available)
C  [awt.dll+0x97956]  (no source info available)
C  [awt.dll+0x94d28]  (no source info available)
C  [awt.dll+0xe100c]  (no source info available)
C  [awt.dll+0xb0d8d]  (no source info available)
C  [awt.dll+0x97e8d]  (no source info available)
C  [USER32.dll+0x183f1]  (no source info available)
C  [USER32.dll+0x17c3b]  (no source info available)
C  [awt.dll+0x161a3]  (no source info available)
C  [COMCTL32.dll+0x18002]  (no source info available)
C  [COMCTL32.dll+0x17de7]  (no source info available)
C  [USER32.dll+0x183f1]  (no source info available)
C  [USER32.dll+0x17eb1]  (no source info available)
C  [awt.dll+0xd531e]  (no source info available)
C  [awt.dll+0xd7242]  (no source info available)
C  0x000001980b23d207  (no source info available)

The last pc belongs to native method entry point (kind = native) (printed below).
Java frames: (J=compiled Java code, j=interpreted, Vv=VM code)
j  sun.awt.windows.WToolkit.eventLoop()V+0 java.desktop@23.0.1
j  sun.awt.windows.WToolkit.run()V+50 java.desktop@23.0.1
j  java.lang.Thread.runWith(Ljava/lang/Object;Ljava/lang/Runnable;)V+5 java.base@23.0.1
j  java.lang.Thread.run()V+19 java.base@23.0.1
v  ~StubRoutines::call_stub 0x000001980b230fcd

siginfo: EXCEPTION_ACCESS_VIOLATION (0xc0000005), reading address 0x00000042472d6e6d


Registers:
RAX=0x00000042472d6e65, RBX=0x00000198635933d0, RCX=0x0000000000000000, RDX=0x0000000000000000
RSP=0x0000005803cfe8e0, RBP=0x0000005803cfe9e9, RSI=0xffffffff92010d51, RDI=0x0000000000000000
R8 =0x0000000000000001, R9 =0x0000000000000000, R10=0x0000000000000000, R11=0x0000000000000246
R12=0x0000000000000000, R13=0x0000000000000310, R14=0x0000000000000000, R15=0x0000000000000000
RIP=0x00007ffef4ddbe01, EFLAGS=0x0000000000010246


Register to memory mapping:

RAX=0x00000042472d6e65 is an unknown value
RBX=0x00000198635933d0 points into unknown readable memory: 0x0000019863ae8e50 | 50 8e ae 63 98 01 00 00
RCX=0x0 is null
RDX=0x0 is null
RSP=0x0000005803cfe8e0 is pointing into the stack for thread: 0x000001985f3c3190
RBP=0x0000005803cfe9e9 is pointing into the stack for thread: 0x000001985f3c3190
RSI=0xffffffff92010d51 is an unknown value
RDI=0x0 is null
R8 =0x0000000000000001 is an unknown value
R9 =0x0 is null
R10=0x0 is null
R11=0x0000000000000246 is an unknown value
R12=0x0 is null
R13=0x0000000000000310 is an unknown value
R14=0x0 is null
R15=0x0 is null

Top of Stack: (sp=0x0000005803cfe8e0)
0x0000005803cfe8e0:   00007ffef4e39838 ffffffff92010d51
0x0000005803cfe8f0:   0000000000000000 0000000000000000
0x0000005803cfe900:   0000000000000000 00007ffef4d978ac
0x0000005803cfe910:   ffffffff92010d51 0000019860a36620
0x0000005803cfe920:   00000198635933d0 0000000000000000
0x0000005803cfe930:   0000000000000000 00007ffef4d97956
0x0000005803cfe940:   0000019860a36620 00007ffef4d00000
0x0000005803cfe950:   000000000000c307 0000000000000098
0x0000005803cfe960:   0000000000000000 00007ffef4d94d28
0x0000005803cfe970:   0000019860a36620 0000000000000000
0x0000005803cfe980:   0000000000000001 00007fff5b436b27
0x0000005803cfe990:   0000005803cfea50 000000000005165c
0x0000005803cfe9a0:   00007ffef4d97e30 0000000000000000
0x0000005803cfe9b0:   0000000000000000 00007fff5b438af3
0x0000005803cfe9c0:   0000000000000000 0000005803cfea50
0x0000005803cfe9d0:   0000005803cfea54 000001985f3c3550
0x0000005803cfe9e0:   0000019860a366c0 000000000000c307
0x0000005803cfe9f0:   000000000000c307 000004424fd5d324
0x0000005803cfea00:   0000019860a30800 0000000000000000
0x0000005803cfea10:   0000000000000000 0000000000000000
0x0000005803cfea20:   0000000000000000 0000000000000310
0x0000005803cfea30:   0000000000000000 0000019860a36620
0x0000005803cfea40:   0000019860a36620 00007ffef4de100c
0x0000005803cfea50:   0000000200000002 0000000000000000
0x0000005803cfea60:   000039c25d21c1b8 00004b2f68bcff05
0x0000005803cfea70:   0000000000000000 000000000000c307
0x0000005803cfea80:   0000000000000000 0000000000000000
0x0000005803cfea90:   0000005803cfec68 00007fff592f8696
0x0000005803cfeaa0:   0000000000000001 00007fff5b438af3
0x0000005803cfeab0:   ffffffffffffffeb 00007fff592facb9
0x0000005803cfeac0:   00007fff592f8696 000004424fd5d004
0x0000005803cfead0:   000000000005165c 0000000000000000 

Instructions: (pc=0x00007ffef4ddbe01)
0x00007ffef4ddbd01:   83 ec 28 66 0f 6e c2 0f 5b c0 f3 0f 59 41 48 0f
0x00007ffef4ddbd11:   5a c8 f2 0f 10 05 cd 4e 03 00 f2 0f 5c 0d f5 4e
0x00007ffef4ddbd21:   01 00 66 0f 2f c1 76 0a b8 00 00 00 80 48 83 c4
0x00007ffef4ddbd31:   28 c3 66 0f 2f 0d 75 98 02 00 76 0a b8 ff ff ff
0x00007ffef4ddbd41:   7f 48 83 c4 28 c3 0f 28 c1 e8 2f 0e 01 00 f2 0f
0x00007ffef4ddbd51:   2c c0 48 83 c4 28 c3 cc cc cc cc cc cc cc cc 48
0x00007ffef4ddbd61:   83 ec 28 66 0f 6e c2 0f 5b c0 f3 0f 59 41 4c 0f
0x00007ffef4ddbd71:   5a c8 f2 0f 10 05 6d 4e 03 00 f2 0f 5c 0d 95 4e
0x00007ffef4ddbd81:   01 00 66 0f 2f c1 76 0a b8 00 00 00 80 48 83 c4
0x00007ffef4ddbd91:   28 c3 66 0f 2f 0d 15 98 02 00 76 0a b8 ff ff ff
0x00007ffef4ddbda1:   7f 48 83 c4 28 c3 0f 28 c1 e8 cf 0d 01 00 f2 0f
0x00007ffef4ddbdb1:   2c c0 48 83 c4 28 c3 cc cc cc cc cc cc cc cc 48
0x00007ffef4ddbdc1:   8b 49 08 48 85 c9 0f 85 23 7d fe ff 33 c0 c3 48
0x00007ffef4ddbdd1:   89 5c 24 08 48 89 74 24 10 57 48 83 ec 20 8b fa
0x00007ffef4ddbde1:   48 8b f1 e8 f7 be f4 ff 48 8b d8 48 89 44 24 40
0x00007ffef4ddbdf1:   41 b8 01 00 00 00 8b d7 48 8b c8 e8 4f be f4 ff
0x00007ffef4ddbe01:   48 8b 48 08 48 85 c9 74 0d 48 8b d6 e8 de 7c fe
0x00007ffef4ddbe11:   ff 48 8b f8 eb 02 33 ff 48 8b cb e8 7f c0 f4 ff
0x00007ffef4ddbe21:   90 48 8b c7 48 8b 5c 24 30 48 8b 74 24 38 48 83
0x00007ffef4ddbe31:   c4 20 5f c3 cc cc cc cc cc cc cc cc cc cc cc 48
0x00007ffef4ddbe41:   8b 01 89 10 c3 cc cc cc cc cc cc cc cc cc cc 40
0x00007ffef4ddbe51:   57 48 83 ec 40 48 83 79 38 00 48 8b f9 0f 84 96
0x00007ffef4ddbe61:   01 00 00 48 8b 0d b5 9f 06 00 ba 02 00 01 00 48
0x00007ffef4ddbe71:   89 5c 24 58 48 89 74 24 68 e8 40 d9 00 00 4c 8b
0x00007ffef4ddbe81:   05 12 a5 06 00 48 8b c8 48 8b 57 38 48 8b d8 4c
0x00007ffef4ddbe91:   8b 08 41 ff 91 f8 02 00 00 48 8b f0 48 85 c0 0f
0x00007ffef4ddbea1:   84 4a 01 00 00 4c 8b 0b 48 8b d0 4c 8b 05 d5 a4
0x00007ffef4ddbeb1:   06 00 48 8b cb 41 ff 91 00 01 00 00 84 c0 0f 84
0x00007ffef4ddbec1:   2b 01 00 00 48 8b 7f 08 48 8b d6 48 8b 03 48 8b
0x00007ffef4ddbed1:   cb 4c 8b 05 c7 a4 06 00 48 81 c7 00 04 00 00 48
0x00007ffef4ddbee1:   89 6c 24 60 4c 89 7c 24 20 ff 90 f8 02 00 00 4c
0x00007ffef4ddbef1:   8b 0b 48 8b d6 4c 8b 05 ab a4 06 00 48 8b cb 4c 


Stack slot to memory mapping:

stack at sp + 0 slots: 0x00007ffef4e39838 awt.dll
stack at sp + 1 slots: 0xffffffff92010d51 is an unknown value
stack at sp + 2 slots: 0x0 is null
stack at sp + 3 slots: 0x0 is null
stack at sp + 4 slots: 0x0 is null
stack at sp + 5 slots: 0x00007ffef4d978ac awt.dll
stack at sp + 6 slots: 0xffffffff92010d51 is an unknown value
stack at sp + 7 slots: 0x0000019860a36620 points into unknown readable memory: 0x00007ffef4e0c870 | 70 c8 e0 f4 fe 7f 00 00

Lock stack of current Java thread (top to bottom):

native method entry point (kind = native)  [0x000001980b23cde0, 0x000001980b23d938]  2904 bytes
[MachCode]
  0x000001980b23cde0: 488b 4b08 | 0fb7 492e | 584c 8d74 | ccf8 6800 | 0000 0068 | 0000 0000 | 5055 488b | ec41 5568 
  0x000001980b23ce00: 0000 0000 | 4c8b 6b08 | 4d8d 6d38 | 5348 8b53 | 0848 8b52 | 0848 8b52 | 1848 8b52 | 7048 8b12 
  0x000001980b23ce20: 5248 8b53 | 1048 85d2 | 0f84 0700 | 0000 4881 | c210 0100 | 0052 488b | 5308 488b | 5208 488b 
  0x000001980b23ce40: 5210 5249 | 8bc6 482b | c548 c1e8 | 0350 6800 | 0000 0068 | f7ff ffff | 41c6 8771 | 0400 0001 
  0x000001980b23ce60: 488b 4310 | 4885 c074 | 208b 88cc | 0000 0083 | c102 8988 | cc00 0000 | 2388 e000 | 0000 0f84 
  0x000001980b23ce80: 000a 0000 | e9cf 0000 | 0048 8b43 | 1848 85c0 | 0f85 b000 | 0000 e805 | 0000 00e9 | 9900 0000 
  0x000001980b23cea0: 488b d348 | 8d44 2408 | 4c89 6dc0 | 498b cfc5 | f877 4989 | afb0 0300 | 0049 8987 | a003 0000 
  0x000001980b23cec0: 4883 ec20 | 40f6 c40f | 0f84 1900 | 0000 4883 | ec08 48b8 | 608d 18c8 | fe7f 0000 | ffd0 4883 
  0x000001980b23cee0: c408 e90c | 0000 0048 | b860 8d18 | c8fe 7f00 | 00ff d048 | 83c4 2049 | c787 a003 | 0000 0000 
  0x000001980b23cf00: 0000 49c7 | 87b0 0300 | 0000 0000 | 0049 c787 | a803 0000 | 0000 0000 | c5f8 7749 | 837f 0800 
  0x000001980b23cf20: 0f84 0500 | 0000 e995 | 3fff ff4c | 8b6d c04c | 8b75 c84e | 8d74 f500 | c348 8b43 | 1848 85c0 
  0x000001980b23cf40: 0f84 1200 | 0000 8b48 | 0883 c102 | 8948 0823 | 481c 0f84 | 2c09 0000 | 493b a7e8 | 0400 000f 
  0x000001980b23cf60: 8748 0000 | 0089 8424 | 00f0 ffff | 8984 2400 | e0ff ff89 | 8424 00d0 | ffff 8984 | 2400 c0ff 
  0x000001980b23cf80: ff89 8424 | 00b0 ffff | 8984 2400 | a0ff ff89 | 8424 0090 | ffff 8984 | 2400 80ff | ff49 3ba7 
  0x000001980b23cfa0: e004 0000 | 7607 4989 | a7e8 0400 | 0041 c687 | 7104 0000 | 0049 ba91 | 31a7 c8fe | 7f00 0041 
  0x000001980b23cfc0: 803a 000f | 843e 0000 | 0048 8b55 | e849 8bcf | 4883 ec20 | 40f6 c40f | 0f84 1900 | 0000 4883 
  0x000001980b23cfe0: ec08 48b8 | 807e 50c8 | fe7f 0000 | ffd0 4883 | c408 e90c | 0000 0048 | b880 7e50 | c8fe 7f00 
  0x000001980b23d000: 00ff d048 | 83c4 2048 | 8b5d e84c | 8b5b 0845 | 0fb7 5b2e | 41c1 e303 | 492b e348 | 83ec 2048 
  0x000001980b23d020: 83e4 f04c | 8b5b 604d | 85db 0f85 | ab00 0000 | e805 0000 | 00e9 9900 | 0000 488b | d348 8d44 
  0x000001980b23d040: 2408 4c89 | 6dc0 498b | cfc5 f877 | 4989 afb0 | 0300 0049 | 8987 a003 | 0000 4883 | ec20 40f6 
  0x000001980b23d060: c40f 0f84 | 1900 0000 | 4883 ec08 | 48b8 c0b4 | 18c8 fe7f | 0000 ffd0 | 4883 c408 | e90c 0000 
  0x000001980b23d080: 0048 b8c0 | b418 c8fe | 7f00 00ff | d048 83c4 | 2049 c787 | a003 0000 | 0000 0000 | 49c7 87b0 
  0x000001980b23d0a0: 0300 0000 | 0000 0049 | c787 a803 | 0000 0000 | 0000 c5f8 | 7749 837f | 0800 0f84 | 0500 0000 
  0x000001980b23d0c0: e9fb 3dff | ff4c 8b6d | c04c 8b75 | c84e 8d74 | f500 c348 | 8b5d e84c | 8b5b 6041 | ffd3 488b 
  0x000001980b23d0e0: 5de8 4889 | 4518 448b | 5b28 41f6 | c308 0f84 | 1b00 0000 | 4c8b 5b08 | 4d8b 5b08 | 4d8b 5b18 
  0x000001980b23d100: 4d8b 5b70 | 4d8b 1b4c | 895d 1048 | 8d55 1048 | 8b43 5849 | bae0 cb50 | c8fe 7f00 | 0049 3bc2 
  0x000001980b23d120: 0f85 ab00 | 0000 e805 | 0000 00e9 | 9900 0000 | 488b d348 | 8d44 2408 | 4c89 6dc0 | 498b cfc5 
  0x000001980b23d140: f877 4989 | afb0 0300 | 0049 8987 | a003 0000 | 4883 ec20 | 40f6 c40f | 0f84 1900 | 0000 4883 
  0x000001980b23d160: ec08 48b8 | c0b4 18c8 | fe7f 0000 | ffd0 4883 | c408 e90c | 0000 0048 | b8c0 b418 | c8fe 7f00 
  0x000001980b23d180: 00ff d048 | 83c4 2049 | c787 a003 | 0000 0000 | 0000 49c7 | 87b0 0300 | 0000 0000 | 0049 c787 
  0x000001980b23d1a0: a803 0000 | 0000 0000 | c5f8 7749 | 837f 0800 | 0f84 0500 | 0000 e905 | 3dff ff4c | 8b6d c04c 
  0x000001980b23d1c0: 8b75 c84e | 8d74 f500 | c348 8b5d | e848 8b43 | 5849 8d8f | c003 0000 | c5f8 7749 | 89af b003 
  0x000001980b23d1e0: 0000 49ba | d8d1 230b | 9801 0000 | 4d89 97a8 | 0300 0049 | 89a7 a003 | 0000 41c7 | 8744 0400 
  0x000001980b23d200: 0004 0000 | 00ff d0c5 | f877 4883 | ec10 c5fb | 1104 2448 | 83ec 1048 | 8904 2448 | c744 2408 
  0x000001980b23d220: 0000 0000 | 41c7 8744 | 0400 0005 | 0000 00f0 | 8344 24c0 | 0049 3baf | 4804 0000 | 0f87 0e00 
  0x000001980b23d240: 0000 4183 | bf40 0400 | 0000 0f84 | 2000 0000 | 498b cf4c | 8be4 4883 | ec20 4883 | e4f0 48b8 
  0x000001980b23d260: 6010 1ac8 | fe7f 0000 | ffd0 498b | e44d 33e4 | 41c7 8744 | 0400 0008 | 0000 0049 | c787 a003 
  0x000001980b23d280: 0000 0000 | 0000 49c7 | 87b0 0300 | 0000 0000 | 0049 c787 | a803 0000 | 0000 0000 | c5f8 774d 
  0x000001980b23d2a0: 8b9f 3004 | 0000 41c7 | 8300 0100 | 0000 0000 | 0049 bbda | a523 0b98 | 0100 004c | 3b5d 180f 
  0x000001980b23d2c0: 8524 0200 | 0048 8b04 | 2448 83c4 | 1048 85c0 | 0f84 fe01 | 0000 a803 | 0f85 0800 | 0000 488b 
  0x000001980b23d2e0: 00e9 ee01 | 0000 a801 | 0f85 0900 | 0000 488b | 40fe e9dd | 0100 0048 | 8b40 ff41 | 807f 3800 
  0x000001980b23d300: 0f84 ce01 | 0000 4883 | f800 0f84 | c401 0000 | 4d8b 5f28 | 4983 fb00 | 0f84 1400 | 0000 4983 
  0x000001980b23d320: eb08 4d89 | 5f28 4d03 | 5f30 4989 | 03e9 a201 | 0000 4881 | ecd0 0000 | 0048 8904 | 2448 894c 
  0x000001980b23d340: 2408 4889 | 5424 1048 | 8974 2418 | 4889 7c24 | 204c 8944 | 2428 4c89 | 4c24 304c | 8954 2438 
  0x000001980b23d360: 4c89 5c24 | 40c5 fb11 | 4424 50c5 | fb11 4c24 | 58c5 fb11 | 5424 60c5 | fb11 5c24 | 68c5 fb11 
  0x000001980b23d380: 6424 70c5 | fb11 6c24 | 78c5 fb11 | b424 8000 | 0000 c5fb | 11bc 2488 | 0000 00c5 | 7b11 8424 
  0x000001980b23d3a0: 9000 0000 | c57b 118c | 2498 0000 | 00c5 7b11 | 9424 a000 | 0000 c57b | 119c 24a8 | 0000 00c5 
  0x000001980b23d3c0: 7b11 a424 | b000 0000 | c57b 11ac | 24b8 0000 | 00c5 7b11 | b424 c000 | 0000 c57b | 11bc 24c8 
  0x000001980b23d3e0: 0000 0049 | 8bd7 488b | c848 83ec | 2040 f6c4 | 0f0f 8419 | 0000 0048 | 83ec 0848 | b8b0 790d 
  0x000001980b23d400: c8fe 7f00 | 00ff d048 | 83c4 08e9 | 0c00 0000 | 48b8 b079 | 0dc8 fe7f | 0000 ffd0 | 4883 c420 
  0x000001980b23d420: c57b 10bc | 24c8 0000 | 00c5 7b10 | b424 c000 | 0000 c57b | 10ac 24b8 | 0000 00c5 | 7b10 a424 
  0x000001980b23d440: b000 0000 | c57b 109c | 24a8 0000 | 00c5 7b10 | 9424 a000 | 0000 c57b | 108c 2498 | 0000 00c5 
  0x000001980b23d460: 7b10 8424 | 9000 0000 | c5fb 10bc | 2488 0000 | 00c5 fb10 | b424 8000 | 0000 c5fb | 106c 2478 
  0x000001980b23d480: c5fb 1064 | 2470 c5fb | 105c 2468 | c5fb 1054 | 2460 c5fb | 104c 2458 | c5fb 1044 | 2450 4c8b 
  0x000001980b23d4a0: 5c24 404c | 8b54 2438 | 4c8b 4c24 | 304c 8b44 | 2428 488b | 7c24 2048 | 8b74 2418 | 488b 5424 
  0x000001980b23d4c0: 1048 8b4c | 2408 488b | 0424 4881 | c4d0 0000 | 00c5 f877 | 4889 4510 | 4883 ec10 | 4889 0424 
  0x000001980b23d4e0: 48c7 4424 | 0800 0000 | 0041 83bf | c804 0000 | 020f 85bf | 0000 0048 | 81ec 8000 | 0000 4889 
  0x000001980b23d500: 4424 7848 | 894c 2470 | 4889 5424 | 6848 895c | 2460 4889 | 6c24 5048 | 8974 2448 | 4889 7c24 
  0x000001980b23d520: 404c 8944 | 2438 4c89 | 4c24 304c | 8954 2428 | 4c89 5c24 | 204c 8964 | 2418 4c89 | 6c24 104c 
  0x000001980b23d540: 8974 2408 | 4c89 3c24 | 4c8b e448 | 83ec 2048 | 83e4 f048 | b850 b350 | c8fe 7f00 | 00ff d049 
  0x000001980b23d560: 8be4 4c8b | 3c24 4c8b | 7424 084c | 8b6c 2410 | 4c8b 6424 | 184c 8b5c | 2420 4c8b | 5424 284c 
  0x000001980b23d580: 8b4c 2430 | 4c8b 4424 | 3848 8b7c | 2440 488b | 7424 4848 | 8b6c 2450 | 488b 5c24 | 6048 8b54 
  0x000001980b23d5a0: 2468 488b | 4c24 7048 | 8b44 2478 | 4881 c480 | 0000 004d | 33e4 488b | 5de8 4c8b | 6b08 4d8d 
  0x000001980b23d5c0: 6d38 4983 | 7f08 000f | 84bb 0000 | 00e8 0500 | 0000 e996 | 0000 0048 | 8d44 2408 | 4c89 6dc0 
  0x000001980b23d5e0: 498b cfc5 | f877 4989 | afb0 0300 | 0049 8987 | a003 0000 | 4883 ec20 | 40f6 c40f | 0f84 1900 
  0x000001980b23d600: 0000 4883 | ec08 48b8 | d0d2 18c8 | fe7f 0000 | ffd0 4883 | c408 e90c | 0000 0048 | b8d0 d218 
  0x000001980b23d620: c8fe 7f00 | 00ff d048 | 83c4 2049 | c787 a003 | 0000 0000 | 0000 49c7 | 87b0 0300 | 0000 0000 
  0x000001980b23d640: 0049 c787 | a803 0000 | 0000 0000 | c5f8 7749 | 837f 0800 | 0f84 0500 | 0000 e961 | 38ff ff4c 
  0x000001980b23d660: 8b6d c04c | 8b75 c84e | 8d74 f500 | c348 b920 | 8e7d c8fe | 7f00 0048 | 83e4 f048 | b880 b33e 
  0x000001980b23d680: c8fe 7f00 | 00ff d0f4 | 448b 5b28 | 41f6 c320 | 0f84 7901 | 0000 488d | 55a8 4c8b | 5a08 4d85 
  0x000001980b23d6a0: db0f 85bb | 0000 00e8 | 0500 0000 | e996 0000 | 0048 8d44 | 2408 4c89 | 6dc0 498b | cfc5 f877 
  0x000001980b23d6c0: 4989 afb0 | 0300 0049 | 8987 a003 | 0000 4883 | ec20 40f6 | c40f 0f84 | 1900 0000 | 4883 ec08 
  0x000001980b23d6e0: 48b8 00d2 | 18c8 fe7f | 0000 ffd0 | 4883 c408 | e90c 0000 | 0048 b800 | d218 c8fe | 7f00 00ff 
  0x000001980b23d700: d048 83c4 | 2049 c787 | a003 0000 | 0000 0000 | 49c7 87b0 | 0300 0000 | 0000 0049 | c787 a803 
  0x000001980b23d720: 0000 0000 | 0000 c5f8 | 7749 837f | 0800 0f84 | 0500 0000 | e987 37ff | ff4c 8b6d | c04c 8b75 
  0x000001980b23d740: c84e 8d74 | f500 c348 | b920 8e7d | c8fe 7f00 | 0048 83e4 | f048 b880 | b33e c8fe | 7f00 00ff 
  0x000001980b23d760: d0f4 4c89 | 6dc0 4c8b | 4a08 48c7 | 4208 0000 | 0000 458b | 8718 0600 | 004f 3b4c | 07f8 0f85 
  0x000001980b23d780: 4900 0000 | 4183 af18 | 0600 0008 | 4f3b 4c07 | f00f 842a | 0000 0049 | 8b01 a802 | 0f85 1200 
  0x000001980b23d7a0: 0000 4c8b | c049 83c8 | 01f0 4d0f | b101 0f84 | 0d00 0000 | 4183 8718 | 0600 0008 | e90c 0000 
  0x000001980b23d7c0: 0049 ff8f | 5005 0000 | e93e 0000 | 004c 894a | 0848 8bca | 4883 ec20 | 40f6 c40f | 0f84 1900 
  0x000001980b23d7e0: 0000 4883 | ec08 48b8 | c0a4 18c8 | fe7f 0000 | ffd0 4883 | c408 e90c | 0000 0048 | b8c0 a418 
  0x000001980b23d800: c8fe 7f00 | 00ff d048 | 83c4 204c | 8b6d c049 | ba91 31a7 | c8fe 7f00 | 0041 803a | 000f 843e 
  0x000001980b23d820: 0000 0048 | 8b55 e849 | 8bcf 4883 | ec20 40f6 | c40f 0f84 | 1900 0000 | 4883 ec08 | 48b8 807e 
  0x000001980b23d840: 50c8 fe7f | 0000 ffd0 | 4883 c408 | e90c 0000 | 0048 b880 | 7e50 c8fe | 7f00 00ff | d048 83c4 
  0x000001980b23d860: 2048 8b04 | 2448 83c4 | 10c5 fb10 | 0424 4883 | c410 4c8b | 5d18 41ff | d34c 8b5d | f8c9 5f49 
  0x000001980b23d880: 8be3 ffe7 | ba00 0000 | 00e8 0500 | 0000 e996 | 0000 0048 | 8d44 2408 | 4c89 6dc0 | 498b cfc5 
  0x000001980b23d8a0: f877 4989 | afb0 0300 | 0049 8987 | a003 0000 | 4883 ec20 | 40f6 c40f | 0f84 1900 | 0000 4883 
  0x000001980b23d8c0: ec08 48b8 | 7098 18c8 | fe7f 0000 | ffd0 4883 | c408 e90c | 0000 0048 | b870 9818 | c8fe 7f00 
  0x000001980b23d8e0: 00ff d048 | 83c4 2049 | c787 a003 | 0000 0000 | 0000 49c7 | 87b0 0300 | 0000 0000 | 0049 c787 
  0x000001980b23d900: a803 0000 | 0000 0000 | c5f8 7749 | 837f 0800 | 0f84 0500 | 0000 e9a5 | 35ff ff4c | 8b6d c04c 
  0x000001980b23d920: 8b75 c84e | 8d74 f500 | c348 8b5d | e8e9 26f6 | ffff 660f | 1f44 0000 
[/MachCode]

---------------  P R O C E S S  ---------------

Threads class SMR info:
_java_thread_list=0x0000019862057b10, length=17, elements={
0x0000019819fc8ea0, 0x0000019819fc99d0, 0x0000019819fcb250, 0x0000019819fcd8d0,
0x0000019819fd5f50, 0x0000019819ffaf40, 0x000001985f0147e0, 0x000001985f016eb0,
0x000001985f210bb0, 0x000001985f213f70, 0x000001985f3b8990, 0x000001985f3c2b20,
0x000001985f3c3190, 0x000001986083eec0, 0x000001987ea3f920, 0x0000019860b89d60,
0x00000198608f3fc0
}

Java Threads: ( => current thread )
  0x0000019819fc8ea0 JavaThread "Reference Handler"          daemon [_thread_blocked, id=40972, stack(0x0000005802e00000,0x0000005802f00000) (1024K)]
  0x0000019819fc99d0 JavaThread "Finalizer"                  daemon [_thread_blocked, id=20988, stack(0x0000005802f00000,0x0000005803000000) (1024K)]
  0x0000019819fcb250 JavaThread "Signal Dispatcher"          daemon [_thread_blocked, id=25032, stack(0x0000005803000000,0x0000005803100000) (1024K)]
  0x0000019819fcd8d0 JavaThread "Attach Listener"            daemon [_thread_blocked, id=39212, stack(0x0000005803100000,0x0000005803200000) (1024K)]
  0x0000019819fd5f50 JavaThread "Service Thread"             daemon [_thread_blocked, id=42176, stack(0x0000005803200000,0x0000005803300000) (1024K)]
  0x0000019819ffaf40 JavaThread "Monitor Deflation Thread"   daemon [_thread_blocked, id=43612, stack(0x0000005803300000,0x0000005803400000) (1024K)]
  0x000001985f0147e0 JavaThread "C2 CompilerThread0"         daemon [_thread_blocked, id=31924, stack(0x0000005803400000,0x0000005803500000) (1024K)]
  0x000001985f016eb0 JavaThread "C1 CompilerThread0"         daemon [_thread_blocked, id=37820, stack(0x0000005803500000,0x0000005803600000) (1024K)]
  0x000001985f210bb0 JavaThread "Notification Thread"        daemon [_thread_blocked, id=22940, stack(0x0000005803800000,0x0000005803900000) (1024K)]
  0x000001985f213f70 JavaThread "Common-Cleaner"             daemon [_thread_blocked, id=9828, stack(0x0000005803900000,0x0000005803a00000) (1024K)]
  0x000001985f3b8990 JavaThread "Java2D Disposer"            daemon [_thread_blocked, id=42008, stack(0x0000005803a00000,0x0000005803b00000) (1024K)]
  0x000001985f3c2b20 JavaThread "AWT-Shutdown"                      [_thread_blocked, id=40984, stack(0x0000005803b00000,0x0000005803c00000) (1024K)]
=>0x000001985f3c3190 JavaThread "AWT-Windows"                daemon [_thread_in_native, id=43860, stack(0x0000005803c00000,0x0000005803d00000) (1024K)]
  0x000001986083eec0 JavaThread "AWT-EventQueue-0"                  [_thread_blocked, id=26852, stack(0x0000005803d00000,0x0000005803e00000) (1024K)]
  0x000001987ea3f920 JavaThread "DestroyJavaVM"                     [_thread_blocked, id=44304, stack(0x0000005802600000,0x0000005802700000) (1024K)]
  0x0000019860b89d60 JavaThread "TimerQueue"                 daemon [_thread_blocked, id=43456, stack(0x0000005804400000,0x0000005804500000) (1024K)]
  0x00000198608f3fc0 JavaThread "Swing-Shell"                daemon [_thread_blocked, id=23108, stack(0x0000005802500000,0x0000005802600000) (1024K)]
Total: 17

Other Threads:
  0x0000019819fad3c0 VMThread "VM Thread"                           [id=20432, stack(0x0000005802d00000,0x0000005802e00000) (1024K)]
  0x0000019819f9b5c0 WatcherThread "VM Periodic Task Thread"        [id=32660, stack(0x0000005802c00000,0x0000005802d00000) (1024K)]
  0x000001987eaa33c0 WorkerThread "GC Thread#0"                     [id=44036, stack(0x0000005802700000,0x0000005802800000) (1024K)]
  0x00000198621eefd0 WorkerThread "GC Thread#1"                     [id=36680, stack(0x0000005803f00000,0x0000005804000000) (1024K)]
  0x0000019860e72060 WorkerThread "GC Thread#2"                     [id=36720, stack(0x0000005804500000,0x0000005804600000) (1024K)]
  0x0000019860e71900 WorkerThread "GC Thread#3"                     [id=42600, stack(0x0000005804600000,0x0000005804700000) (1024K)]
  0x0000019860e70690 WorkerThread "GC Thread#4"                     [id=29120, stack(0x0000005804700000,0x0000005804800000) (1024K)]
  0x0000019860e711a0 WorkerThread "GC Thread#5"                     [id=44536, stack(0x0000005804800000,0x0000005804900000) (1024K)]
  0x0000019860e71550 WorkerThread "GC Thread#6"                     [id=44600, stack(0x0000005804900000,0x0000005804a00000) (1024K)]
  0x0000019860e70a40 WorkerThread "GC Thread#7"                     [id=31176, stack(0x0000005804a00000,0x0000005804b00000) (1024K)]
  0x0000019860e71cb0 WorkerThread "GC Thread#8"                     [id=32392, stack(0x0000005804b00000,0x0000005804c00000) (1024K)]
  0x0000019860e70df0 WorkerThread "GC Thread#9"                     [id=41552, stack(0x0000005804c00000,0x0000005804d00000) (1024K)]
  0x0000019862232f60 WorkerThread "GC Thread#10"                    [id=37612, stack(0x0000005804d00000,0x0000005804e00000) (1024K)]
  0x0000019862233e20 WorkerThread "GC Thread#11"                    [id=44932, stack(0x0000005804e00000,0x0000005804f00000) (1024K)]
  0x00000198622357f0 WorkerThread "GC Thread#12"                    [id=17752, stack(0x0000005803e00000,0x0000005803f00000) (1024K)]
  0x000001987eab7ca0 ConcurrentGCThread "G1 Main Marker"            [id=45032, stack(0x0000005802800000,0x0000005802900000) (1024K)]
  0x000001987eab8960 WorkerThread "G1 Conc#0"                       [id=39516, stack(0x0000005802900000,0x0000005802a00000) (1024K)]
  0x0000019862232450 WorkerThread "G1 Conc#1"                       [id=23576, stack(0x0000005802400000,0x0000005802500000) (1024K)]
  0x0000019862232800 WorkerThread "G1 Conc#2"                       [id=39292, stack(0x0000005803700000,0x0000005803800000) (1024K)]
  0x0000019819e6d2c0 ConcurrentGCThread "G1 Refine#0"               [id=25588, stack(0x0000005802a00000,0x0000005802b00000) (1024K)]
  0x0000019819e6f970 ConcurrentGCThread "G1 Service"                [id=44360, stack(0x0000005802b00000,0x0000005802c00000) (1024K)]
Total: 21

Threads with active compile tasks:
Total: 0

VM state: not at safepoint (normal execution)

VM Mutex/Monitor currently owned by a thread: None

Heap address: 0x0000000705e00000, size: 4002 MB, Compressed Oops mode: Zero based, Oop shift amount: 3

CDS archive(s) mapped at: [0x000001981a000000-0x000001981ad70000-0x000001981ad70000), size 14090240, SharedBaseAddress: 0x000001981a000000, ArchiveRelocationMode: 1.
Compressed class space mapped at: 0x000001981b000000-0x000001985b000000, reserved size: 1073741824
Narrow klass base: 0x000001981a000000, Narrow klass shift: 0, Narrow klass range: 0x41000000

GC Precious Log:
 CardTable entry size: 512
 Card Set container configuration: InlinePtr #cards 4 size 8 Array Of Cards #cards 16 size 48 Howl #buckets 8 coarsen threshold 3686 Howl Bitmap #cards 512 size 80 coarsen threshold 460 Card regions per heap region 1 cards per card region 4096
 CPUs: 16 total, 16 available
 Memory: 16004M
 Large Page Support: Disabled
 NUMA Support: Disabled
 Compressed Oops: Enabled (Zero based)
 Heap Region Size: 2M
 Heap Min Capacity: 8M
 Heap Initial Capacity: 252M
 Heap Max Capacity: 4002M
 Pre-touch: Disabled
 Parallel Workers: 13
 Concurrent Workers: 3
 Concurrent Refinement Workers: 13
 Periodic GC: Disabled

Heap:
 garbage-first heap   total reserved 4098048K, committed 258048K, used 135011K [0x0000000705e00000, 0x0000000800000000)
  region size 2048K, 8 young (16384K), 5 survivors (10240K)
 Metaspace       used 15563K, committed 15872K, reserved 1114112K
  class space    used 1700K, committed 1856K, reserved 1048576K

Heap Regions: E=young(eden), S=young(survivor), O=old, HS=humongous(starts), HC=humongous(continues), CS=collection set, F=free, TAMS=top-at-mark-start, PB=parsable bottom
|   0|0x0000000705e00000, 0x0000000706000000, 0x0000000706000000|100%|HS|  |TAMS 0x0000000705e00000| PB 0x0000000705e00000| Complete |  0
|   1|0x0000000706000000, 0x0000000706200000, 0x0000000706200000|100%|HC|  |TAMS 0x0000000706000000| PB 0x0000000706000000| Complete |  0
|   2|0x0000000706200000, 0x0000000706400000, 0x0000000706400000|100%| O|  |TAMS 0x0000000706200000| PB 0x0000000706200000| Untracked |  0
|   3|0x0000000706400000, 0x00000007065d8ec8, 0x0000000706600000| 92%| O|  |TAMS 0x0000000706400000| PB 0x0000000706400000| Untracked |  0
|   4|0x0000000706600000, 0x0000000706800000, 0x0000000706800000|100%|HS|  |TAMS 0x0000000706600000| PB 0x0000000706600000| Complete |  0
|   5|0x0000000706800000, 0x0000000706a00000, 0x0000000706a00000|100%|HC|  |TAMS 0x0000000706800000| PB 0x0000000706800000| Complete |  0
|   6|0x0000000706a00000, 0x0000000706c00000, 0x0000000706c00000|100%|HS|  |TAMS 0x0000000706a00000| PB 0x0000000706a00000| Complete |  0
|   7|0x0000000706c00000, 0x0000000706e00000, 0x0000000706e00000|100%|HC|  |TAMS 0x0000000706c00000| PB 0x0000000706c00000| Complete |  0
|   8|0x0000000706e00000, 0x0000000707000000, 0x0000000707000000|100%|HS|  |TAMS 0x0000000706e00000| PB 0x0000000706e00000| Complete |  0
|   9|0x0000000707000000, 0x0000000707200000, 0x0000000707200000|100%|HC|  |TAMS 0x0000000707000000| PB 0x0000000707000000| Complete |  0
|  10|0x0000000707200000, 0x0000000707400000, 0x0000000707400000|100%|HS|  |TAMS 0x0000000707200000| PB 0x0000000707200000| Complete |  0
|  11|0x0000000707400000, 0x0000000707600000, 0x0000000707600000|100%|HC|  |TAMS 0x0000000707400000| PB 0x0000000707400000| Complete |  0
|  12|0x0000000707600000, 0x0000000707800000, 0x0000000707800000|100%|HS|  |TAMS 0x0000000707600000| PB 0x0000000707600000| Complete |  0
|  13|0x0000000707800000, 0x0000000707a00000, 0x0000000707a00000|100%|HC|  |TAMS 0x0000000707800000| PB 0x0000000707800000| Complete |  0
|  14|0x0000000707a00000, 0x0000000707c00000, 0x0000000707c00000|100%|HS|  |TAMS 0x0000000707a00000| PB 0x0000000707a00000| Complete |  0
|  15|0x0000000707c00000, 0x0000000707e00000, 0x0000000707e00000|100%|HC|  |TAMS 0x0000000707c00000| PB 0x0000000707c00000| Complete |  0
|  16|0x0000000707e00000, 0x0000000708000000, 0x0000000708000000|100%|HS|  |TAMS 0x0000000707e00000| PB 0x0000000707e00000| Complete |  0
|  17|0x0000000708000000, 0x0000000708200000, 0x0000000708200000|100%|HC|  |TAMS 0x0000000708000000| PB 0x0000000708000000| Complete |  0
|  18|0x0000000708200000, 0x0000000708400000, 0x0000000708400000|100%|HS|  |TAMS 0x0000000708200000| PB 0x0000000708200000| Complete |  0
|  19|0x0000000708400000, 0x0000000708600000, 0x0000000708600000|100%|HC|  |TAMS 0x0000000708400000| PB 0x0000000708400000| Complete |  0
|  20|0x0000000708600000, 0x0000000708800000, 0x0000000708800000|100%|HS|  |TAMS 0x0000000708600000| PB 0x0000000708600000| Complete |  0
|  21|0x0000000708800000, 0x0000000708a00000, 0x0000000708a00000|100%|HC|  |TAMS 0x0000000708800000| PB 0x0000000708800000| Complete |  0
|  22|0x0000000708a00000, 0x0000000708c00000, 0x0000000708c00000|100%|HS|  |TAMS 0x0000000708a00000| PB 0x0000000708a00000| Complete |  0
|  23|0x0000000708c00000, 0x0000000708e00000, 0x0000000708e00000|100%|HC|  |TAMS 0x0000000708c00000| PB 0x0000000708c00000| Complete |  0
|  24|0x0000000708e00000, 0x0000000709000000, 0x0000000709000000|100%|HS|  |TAMS 0x0000000708e00000| PB 0x0000000708e00000| Complete |  0
|  25|0x0000000709000000, 0x0000000709200000, 0x0000000709200000|100%|HC|  |TAMS 0x0000000709000000| PB 0x0000000709000000| Complete |  0
|  26|0x0000000709200000, 0x0000000709400000, 0x0000000709400000|100%|HS|  |TAMS 0x0000000709200000| PB 0x0000000709200000| Complete |  0
|  27|0x0000000709400000, 0x0000000709600000, 0x0000000709600000|100%|HC|  |TAMS 0x0000000709400000| PB 0x0000000709400000| Complete |  0
|  28|0x0000000709600000, 0x0000000709600000, 0x0000000709800000|  0%| F|  |TAMS 0x0000000709600000| PB 0x0000000709600000| Untracked |  0
|  29|0x0000000709800000, 0x0000000709800000, 0x0000000709a00000|  0%| F|  |TAMS 0x0000000709800000| PB 0x0000000709800000| Untracked |  0
|  30|0x0000000709a00000, 0x0000000709a00000, 0x0000000709c00000|  0%| F|  |TAMS 0x0000000709a00000| PB 0x0000000709a00000| Untracked |  0
|  31|0x0000000709c00000, 0x0000000709c00000, 0x0000000709e00000|  0%| F|  |TAMS 0x0000000709c00000| PB 0x0000000709c00000| Untracked |  0
|  32|0x0000000709e00000, 0x0000000709e00000, 0x000000070a000000|  0%| F|  |TAMS 0x0000000709e00000| PB 0x0000000709e00000| Untracked |  0
|  33|0x000000070a000000, 0x000000070a000000, 0x000000070a200000|  0%| F|  |TAMS 0x000000070a000000| PB 0x000000070a000000| Untracked |  0
|  34|0x000000070a200000, 0x000000070a200000, 0x000000070a400000|  0%| F|  |TAMS 0x000000070a200000| PB 0x000000070a200000| Untracked |  0
|  35|0x000000070a400000, 0x000000070a400000, 0x000000070a600000|  0%| F|  |TAMS 0x000000070a400000| PB 0x000000070a400000| Untracked |  0
|  36|0x000000070a600000, 0x000000070a800000, 0x000000070a800000|100%|HS|  |TAMS 0x000000070a600000| PB 0x000000070a600000| Complete |  0
|  37|0x000000070a800000, 0x000000070aa00000, 0x000000070aa00000|100%|HS|  |TAMS 0x000000070a800000| PB 0x000000070a800000| Complete |  0
|  38|0x000000070aa00000, 0x000000070ac00000, 0x000000070ac00000|100%|HS|  |TAMS 0x000000070aa00000| PB 0x000000070aa00000| Complete |  0
|  39|0x000000070ac00000, 0x000000070ae00000, 0x000000070ae00000|100%|HS|  |TAMS 0x000000070ac00000| PB 0x000000070ac00000| Complete |  0
|  40|0x000000070ae00000, 0x000000070b000000, 0x000000070b000000|100%|HS|  |TAMS 0x000000070ae00000| PB 0x000000070ae00000| Complete |  0
|  41|0x000000070b000000, 0x000000070b200000, 0x000000070b200000|100%|HS|  |TAMS 0x000000070b000000| PB 0x000000070b000000| Complete |  0
|  42|0x000000070b200000, 0x000000070b400000, 0x000000070b400000|100%|HC|  |TAMS 0x000000070b200000| PB 0x000000070b200000| Complete |  0
|  43|0x000000070b400000, 0x000000070b600000, 0x000000070b600000|100%|HS|  |TAMS 0x000000070b400000| PB 0x000000070b400000| Complete |  0
|  44|0x000000070b600000, 0x000000070b800000, 0x000000070b800000|100%|HC|  |TAMS 0x000000070b600000| PB 0x000000070b600000| Complete |  0
|  45|0x000000070b800000, 0x000000070ba00000, 0x000000070ba00000|100%|HS|  |TAMS 0x000000070b800000| PB 0x000000070b800000| Complete |  0
|  46|0x000000070ba00000, 0x000000070bc00000, 0x000000070bc00000|100%|HC|  |TAMS 0x000000070ba00000| PB 0x000000070ba00000| Complete |  0
|  47|0x000000070bc00000, 0x000000070be00000, 0x000000070be00000|100%|HS|  |TAMS 0x000000070bc00000| PB 0x000000070bc00000| Complete |  0
|  48|0x000000070be00000, 0x000000070c000000, 0x000000070c000000|100%|HC|  |TAMS 0x000000070be00000| PB 0x000000070be00000| Complete |  0
|  49|0x000000070c000000, 0x000000070c200000, 0x000000070c200000|100%|HS|  |TAMS 0x000000070c000000| PB 0x000000070c000000| Complete |  0
|  50|0x000000070c200000, 0x000000070c400000, 0x000000070c400000|100%|HC|  |TAMS 0x000000070c200000| PB 0x000000070c200000| Complete |  0
|  51|0x000000070c400000, 0x000000070c600000, 0x000000070c600000|100%|HS|  |TAMS 0x000000070c400000| PB 0x000000070c400000| Complete |  0
|  52|0x000000070c600000, 0x000000070c800000, 0x000000070c800000|100%|HC|  |TAMS 0x000000070c600000| PB 0x000000070c600000| Complete |  0
|  53|0x000000070c800000, 0x000000070ca00000, 0x000000070ca00000|100%|HS|  |TAMS 0x000000070c800000| PB 0x000000070c800000| Complete |  0
|  54|0x000000070ca00000, 0x000000070cc00000, 0x000000070cc00000|100%|HC|  |TAMS 0x000000070ca00000| PB 0x000000070ca00000| Complete |  0
|  55|0x000000070cc00000, 0x000000070ce00000, 0x000000070ce00000|100%|HS|  |TAMS 0x000000070cc00000| PB 0x000000070cc00000| Complete |  0
|  56|0x000000070ce00000, 0x000000070d000000, 0x000000070d000000|100%|HC|  |TAMS 0x000000070ce00000| PB 0x000000070ce00000| Complete |  0
|  57|0x000000070d000000, 0x000000070d200000, 0x000000070d200000|100%|HS|  |TAMS 0x000000070d000000| PB 0x000000070d000000| Complete |  0
|  58|0x000000070d200000, 0x000000070d400000, 0x000000070d400000|100%|HC|  |TAMS 0x000000070d200000| PB 0x000000070d200000| Complete |  0
|  59|0x000000070d400000, 0x000000070d600000, 0x000000070d600000|100%|HS|  |TAMS 0x000000070d400000| PB 0x000000070d400000| Complete |  0
|  60|0x000000070d600000, 0x000000070d800000, 0x000000070d800000|100%|HC|  |TAMS 0x000000070d600000| PB 0x000000070d600000| Complete |  0
|  61|0x000000070d800000, 0x000000070da00000, 0x000000070da00000|100%|HS|  |TAMS 0x000000070d800000| PB 0x000000070d800000| Complete |  0
|  62|0x000000070da00000, 0x000000070dc00000, 0x000000070dc00000|100%|HC|  |TAMS 0x000000070da00000| PB 0x000000070da00000| Complete |  0
|  63|0x000000070dc00000, 0x000000070de00000, 0x000000070de00000|100%|HS|  |TAMS 0x000000070dc00000| PB 0x000000070dc00000| Complete |  0
|  64|0x000000070de00000, 0x000000070e000000, 0x000000070e000000|100%|HC|  |TAMS 0x000000070de00000| PB 0x000000070de00000| Complete |  0
|  65|0x000000070e000000, 0x000000070e200000, 0x000000070e200000|100%|HS|  |TAMS 0x000000070e000000| PB 0x000000070e000000| Complete |  0
|  66|0x000000070e200000, 0x000000070e400000, 0x000000070e400000|100%|HC|  |TAMS 0x000000070e200000| PB 0x000000070e200000| Complete |  0
|  67|0x000000070e400000, 0x000000070e400000, 0x000000070e600000|  0%| F|  |TAMS 0x000000070e400000| PB 0x000000070e400000| Untracked |  0
|  68|0x000000070e600000, 0x000000070e600000, 0x000000070e800000|  0%| F|  |TAMS 0x000000070e600000| PB 0x000000070e600000| Untracked |  0
|  69|0x000000070e800000, 0x000000070e800000, 0x000000070ea00000|  0%| F|  |TAMS 0x000000070e800000| PB 0x000000070e800000| Untracked |  0
|  70|0x000000070ea00000, 0x000000070ea00000, 0x000000070ec00000|  0%| F|  |TAMS 0x000000070ea00000| PB 0x000000070ea00000| Untracked |  0
|  71|0x000000070ec00000, 0x000000070ec00000, 0x000000070ee00000|  0%| F|  |TAMS 0x000000070ec00000| PB 0x000000070ec00000| Untracked |  0
|  72|0x000000070ee00000, 0x000000070ee00000, 0x000000070f000000|  0%| F|  |TAMS 0x000000070ee00000| PB 0x000000070ee00000| Untracked |  0
|  73|0x000000070f000000, 0x000000070f000000, 0x000000070f200000|  0%| F|  |TAMS 0x000000070f000000| PB 0x000000070f000000| Untracked |  0
|  74|0x000000070f200000, 0x000000070f200000, 0x000000070f400000|  0%| F|  |TAMS 0x000000070f200000| PB 0x000000070f200000| Untracked |  0
|  75|0x000000070f400000, 0x000000070f400000, 0x000000070f600000|  0%| F|  |TAMS 0x000000070f400000| PB 0x000000070f400000| Untracked |  0
|  76|0x000000070f600000, 0x000000070f600000, 0x000000070f800000|  0%| F|  |TAMS 0x000000070f600000| PB 0x000000070f600000| Untracked |  0
|  77|0x000000070f800000, 0x000000070f800000, 0x000000070fa00000|  0%| F|  |TAMS 0x000000070f800000| PB 0x000000070f800000| Untracked |  0
|  78|0x000000070fa00000, 0x000000070fa00000, 0x000000070fc00000|  0%| F|  |TAMS 0x000000070fa00000| PB 0x000000070fa00000| Untracked |  0
|  79|0x000000070fc00000, 0x000000070fc00000, 0x000000070fe00000|  0%| F|  |TAMS 0x000000070fc00000| PB 0x000000070fc00000| Untracked |  0
|  80|0x000000070fe00000, 0x000000070fe00000, 0x0000000710000000|  0%| F|  |TAMS 0x000000070fe00000| PB 0x000000070fe00000| Untracked |  0
|  81|0x0000000710000000, 0x0000000710000000, 0x0000000710200000|  0%| F|  |TAMS 0x0000000710000000| PB 0x0000000710000000| Untracked |  0
|  82|0x0000000710200000, 0x0000000710200000, 0x0000000710400000|  0%| F|  |TAMS 0x0000000710200000| PB 0x0000000710200000| Untracked |  0
|  83|0x0000000710400000, 0x0000000710400000, 0x0000000710600000|  0%| F|  |TAMS 0x0000000710400000| PB 0x0000000710400000| Untracked |  0
|  84|0x0000000710600000, 0x0000000710600000, 0x0000000710800000|  0%| F|  |TAMS 0x0000000710600000| PB 0x0000000710600000| Untracked |  0
|  85|0x0000000710800000, 0x0000000710800000, 0x0000000710a00000|  0%| F|  |TAMS 0x0000000710800000| PB 0x0000000710800000| Untracked |  0
|  86|0x0000000710a00000, 0x0000000710a00000, 0x0000000710c00000|  0%| F|  |TAMS 0x0000000710a00000| PB 0x0000000710a00000| Untracked |  0
|  87|0x0000000710c00000, 0x0000000710c00000, 0x0000000710e00000|  0%| F|  |TAMS 0x0000000710c00000| PB 0x0000000710c00000| Untracked |  0
|  88|0x0000000710e00000, 0x0000000710e00000, 0x0000000711000000|  0%| F|  |TAMS 0x0000000710e00000| PB 0x0000000710e00000| Untracked |  0
|  89|0x0000000711000000, 0x0000000711000000, 0x0000000711200000|  0%| F|  |TAMS 0x0000000711000000| PB 0x0000000711000000| Untracked |  0
|  90|0x0000000711200000, 0x0000000711200000, 0x0000000711400000|  0%| F|  |TAMS 0x0000000711200000| PB 0x0000000711200000| Untracked |  0
|  91|0x0000000711400000, 0x0000000711600000, 0x0000000711600000|100%| S|CS|TAMS 0x0000000711400000| PB 0x0000000711400000| Complete |  0
|  92|0x0000000711600000, 0x0000000711800000, 0x0000000711800000|100%| S|CS|TAMS 0x0000000711600000| PB 0x0000000711600000| Complete |  0
|  93|0x0000000711800000, 0x0000000711a00000, 0x0000000711a00000|100%| S|CS|TAMS 0x0000000711800000| PB 0x0000000711800000| Complete |  0
|  94|0x0000000711a00000, 0x0000000711c00000, 0x0000000711c00000|100%| S|CS|TAMS 0x0000000711a00000| PB 0x0000000711a00000| Complete |  0
|  95|0x0000000711c00000, 0x0000000711e00000, 0x0000000711e00000|100%| S|CS|TAMS 0x0000000711c00000| PB 0x0000000711c00000| Complete |  0
|  96|0x0000000711e00000, 0x0000000711e00000, 0x0000000712000000|  0%| F|  |TAMS 0x0000000711e00000| PB 0x0000000711e00000| Untracked |  0
|  97|0x0000000712000000, 0x0000000712000000, 0x0000000712200000|  0%| F|  |TAMS 0x0000000712000000| PB 0x0000000712000000| Untracked |  0
|  98|0x0000000712200000, 0x0000000712200000, 0x0000000712400000|  0%| F|  |TAMS 0x0000000712200000| PB 0x0000000712200000| Untracked |  0
|  99|0x0000000712400000, 0x0000000712400000, 0x0000000712600000|  0%| F|  |TAMS 0x0000000712400000| PB 0x0000000712400000| Untracked |  0
| 100|0x0000000712600000, 0x0000000712600000, 0x0000000712800000|  0%| F|  |TAMS 0x0000000712600000| PB 0x0000000712600000| Untracked |  0
| 101|0x0000000712800000, 0x0000000712800000, 0x0000000712a00000|  0%| F|  |TAMS 0x0000000712800000| PB 0x0000000712800000| Untracked |  0
| 102|0x0000000712a00000, 0x0000000712a00000, 0x0000000712c00000|  0%| F|  |TAMS 0x0000000712a00000| PB 0x0000000712a00000| Untracked |  0
| 103|0x0000000712c00000, 0x0000000712c00000, 0x0000000712e00000|  0%| F|  |TAMS 0x0000000712c00000| PB 0x0000000712c00000| Untracked |  0
| 104|0x0000000712e00000, 0x0000000712e00000, 0x0000000713000000|  0%| F|  |TAMS 0x0000000712e00000| PB 0x0000000712e00000| Untracked |  0
| 105|0x0000000713000000, 0x0000000713000000, 0x0000000713200000|  0%| F|  |TAMS 0x0000000713000000| PB 0x0000000713000000| Untracked |  0
| 106|0x0000000713200000, 0x0000000713200000, 0x0000000713400000|  0%| F|  |TAMS 0x0000000713200000| PB 0x0000000713200000| Untracked |  0
| 107|0x0000000713400000, 0x0000000713400000, 0x0000000713600000|  0%| F|  |TAMS 0x0000000713400000| PB 0x0000000713400000| Untracked |  0
| 108|0x0000000713600000, 0x0000000713600000, 0x0000000713800000|  0%| F|  |TAMS 0x0000000713600000| PB 0x0000000713600000| Untracked |  0
| 109|0x0000000713800000, 0x0000000713800000, 0x0000000713a00000|  0%| F|  |TAMS 0x0000000713800000| PB 0x0000000713800000| Untracked |  0
| 110|0x0000000713a00000, 0x0000000713a00000, 0x0000000713c00000|  0%| F|  |TAMS 0x0000000713a00000| PB 0x0000000713a00000| Untracked |  0
| 111|0x0000000713c00000, 0x0000000713c00000, 0x0000000713e00000|  0%| F|  |TAMS 0x0000000713c00000| PB 0x0000000713c00000| Untracked |  0
| 112|0x0000000713e00000, 0x0000000713e00000, 0x0000000714000000|  0%| F|  |TAMS 0x0000000713e00000| PB 0x0000000713e00000| Untracked |  0
| 113|0x0000000714000000, 0x0000000714000000, 0x0000000714200000|  0%| F|  |TAMS 0x0000000714000000| PB 0x0000000714000000| Untracked |  0
| 114|0x0000000714200000, 0x0000000714200000, 0x0000000714400000|  0%| F|  |TAMS 0x0000000714200000| PB 0x0000000714200000| Untracked |  0
| 115|0x0000000714400000, 0x0000000714400000, 0x0000000714600000|  0%| F|  |TAMS 0x0000000714400000| PB 0x0000000714400000| Untracked |  0
| 116|0x0000000714600000, 0x0000000714600000, 0x0000000714800000|  0%| F|  |TAMS 0x0000000714600000| PB 0x0000000714600000| Untracked |  0
| 117|0x0000000714800000, 0x0000000714800000, 0x0000000714a00000|  0%| F|  |TAMS 0x0000000714800000| PB 0x0000000714800000| Untracked |  0
| 118|0x0000000714a00000, 0x0000000714a00000, 0x0000000714c00000|  0%| F|  |TAMS 0x0000000714a00000| PB 0x0000000714a00000| Untracked |  0
| 119|0x0000000714c00000, 0x0000000714c00000, 0x0000000714e00000|  0%| F|  |TAMS 0x0000000714c00000| PB 0x0000000714c00000| Untracked |  0
| 120|0x0000000714e00000, 0x0000000714e00000, 0x0000000715000000|  0%| F|  |TAMS 0x0000000714e00000| PB 0x0000000714e00000| Untracked |  0
| 121|0x0000000715000000, 0x0000000715000000, 0x0000000715200000|  0%| F|  |TAMS 0x0000000715000000| PB 0x0000000715000000| Untracked |  0
| 122|0x0000000715200000, 0x0000000715200000, 0x0000000715400000|  0%| F|  |TAMS 0x0000000715200000| PB 0x0000000715200000| Untracked |  0
| 123|0x0000000715400000, 0x0000000715447248, 0x0000000715600000| 13%| E|  |TAMS 0x0000000715400000| PB 0x0000000715400000| Complete |  0
| 124|0x0000000715600000, 0x0000000715800000, 0x0000000715800000|100%| E|CS|TAMS 0x0000000715600000| PB 0x0000000715600000| Complete |  0
| 125|0x0000000715800000, 0x0000000715a00000, 0x0000000715a00000|100%| E|CS|TAMS 0x0000000715800000| PB 0x0000000715800000| Complete |  0

Card table byte_map: [0x0000019812de0000,0x00000198135c0000] _byte_map_base: 0x000001980f5b1000

Marking Bits: (CMBitMap*) 0x000001987eaa3ad0
 Bits: [0x00000198135c0000, 0x0000019817448000)

Polling page: 0x000001987c8c0000

Metaspace:

Usage:
  Non-class:     13.54 MB used.
      Class:      1.66 MB used.
       Both:     15.20 MB used.

Virtual space:
  Non-class space:       64.00 MB reserved,      13.69 MB ( 21%) committed,  1 nodes.
      Class space:        1.00 GB reserved,       1.81 MB ( <1%) committed,  1 nodes.
             Both:        1.06 GB reserved,      15.50 MB (  1%) committed. 

Chunk freelists:
   Non-Class:  2.27 MB
       Class:  14.28 MB
        Both:  16.55 MB

MaxMetaspaceSize: unlimited
CompressedClassSpaceSize: 1.00 GB
Initial GC threshold: 21.00 MB
Current GC threshold: 25.88 MB
CDS: on
 - commit_granule_bytes: 65536.
 - commit_granule_words: 8192.
 - virtual_space_node_default_size: 8388608.
 - enlarge_chunks_in_place: 1.
 - use_allocation_guard: 0.


Internal statistics:

num_allocs_failed_limit: 0.
num_arena_births: 230.
num_arena_deaths: 82.
num_vsnodes_births: 2.
num_vsnodes_deaths: 0.
num_space_committed: 248.
num_space_uncommitted: 0.
num_chunks_returned_to_freelist: 98.
num_chunks_taken_from_freelist: 354.
num_chunk_merges: 22.
num_chunk_splits: 194.
num_chunks_enlarged: 77.
num_inconsistent_stats: 0.

CodeHeap 'non-profiled nmethods': size=119232Kb used=2006Kb max_used=2006Kb free=117225Kb
 bounds [0x000001980b970000, 0x000001980bbe0000, 0x0000019812de0000]
CodeHeap 'profiled nmethods': size=119104Kb used=7001Kb max_used=7001Kb free=112102Kb
 bounds [0x0000019803de0000, 0x00000198044c0000, 0x000001980b230000]
CodeHeap 'non-nmethods': size=7424Kb used=1646Kb max_used=3360Kb free=5777Kb
 bounds [0x000001980b230000, 0x000001980b600000, 0x000001980b970000]
CodeCache: size=245760Kb, used=10653Kb, max_used=12367Kb, free=235104Kb
 total_blobs=5280, nmethods=4569, adapters=616, full_count=0
Compilation: enabled, stopped_count=0, restarted_count=0

Compilation events (20 events):
Event: 81163.578 Thread 0x000001985f0147e0 4560       4       java.lang.ref.ReferenceQueue::poll0 (65 bytes)
Event: 81163.586 Thread 0x000001985f0147e0 nmethod 4560 0x000001980bb62e08 code [0x000001980bb62f20, 0x000001980bb63270]
Event: 93849.032 Thread 0x000001985f016eb0 4561       3       sun.awt.image.VolatileSurfaceManager::displayChanged (102 bytes)
Event: 93849.086 Thread 0x000001985f016eb0 nmethod 4561 0x00000198044b5188 code [0x00000198044b5340, 0x00000198044b5cc8]
Event: 93849.087 Thread 0x000001985f016eb0 4562       3       java.awt.geom.AffineTransform::getScaleInstance (19 bytes)
Event: 93849.087 Thread 0x000001985f016eb0 nmethod 4562 0x00000198044b5d88 code [0x00000198044b5ec0, 0x00000198044b60a8]
Event: 93849.087 Thread 0x000001985f016eb0 4563       3       sun.awt.Win32GraphicsConfig::getDefaultTransform (24 bytes)
Event: 93849.089 Thread 0x000001985f016eb0 nmethod 4563 0x00000198044b6108 code [0x00000198044b6240, 0x00000198044b64c0]
Event: 93849.254 Thread 0x000001985f0147e0 4564       4       sun.awt.image.IntegerComponentRaster::verify (410 bytes)
Event: 93849.331 Thread 0x000001985f0147e0 nmethod 4564 0x000001980bb63288 code [0x000001980bb633e0, 0x000001980bb638d0]
Event: 94643.560 Thread 0x000001985f0147e0 4565  s    4       sun.awt.Win32GraphicsConfig::getColorModel (8 bytes)
Event: 94643.571 Thread 0x000001985f0147e0 nmethod 4565 0x000001980bb63908 code [0x000001980bb63a20, 0x000001980bb63c70]
Event: 94643.745 Thread 0x000001985f0147e0 4566       4       java.lang.ref.Reference::enqueueFromPending (19 bytes)
Event: 94644.232 Thread 0x000001985f0147e0 nmethod 4566 0x000001980bb63d08 code [0x000001980bb63ee0, 0x000001980bb64b80]
Event: 94644.232 Thread 0x000001985f0147e0 4567       4       java.lang.ref.ReferenceQueue::enqueue0 (98 bytes)
Event: 94644.241 Thread 0x000001985f0147e0 nmethod 4567 0x000001980bb64d08 code [0x000001980bb64e80, 0x000001980bb65430]
Event: 94644.257 Thread 0x000001985f0147e0 4568       4       java.lang.ref.Reference::clear (5 bytes)
Event: 94644.258 Thread 0x000001985f0147e0 nmethod 4568 0x000001980bb65508 code [0x000001980bb65620, 0x000001980bb656c0]
Event: 95391.697 Thread 0x000001985f0147e0 4569       4       java.awt.geom.AffineTransform::getScaleInstance (19 bytes)
Event: 95391.701 Thread 0x000001985f0147e0 nmethod 4569 0x000001980bb65808 code [0x000001980bb65940, 0x000001980bb65aa0]

GC Heap History (6 events):
Event: 69.835 GC heap before
{Heap before GC invocations=0 (full 0):
 garbage-first heap   total reserved 4098048K, committed 258048K, used 28672K [0x0000000705e00000, 0x0000000800000000)
  region size 2048K, 12 young (24576K), 0 survivors (0K)
 Metaspace       used 13183K, committed 13504K, reserved 1114112K
  class space    used 1514K, committed 1664K, reserved 1048576K
}
Event: 69.840 GC heap after
{Heap after GC invocations=1 (full 0):
 garbage-first heap   total reserved 4098048K, committed 258048K, used 7669K [0x0000000705e00000, 0x0000000800000000)
  region size 2048K, 2 young (4096K), 2 survivors (4096K)
 Metaspace       used 13183K, committed 13504K, reserved 1114112K
  class space    used 1514K, committed 1664K, reserved 1048576K
}
Event: 173.717 GC heap before
{Heap before GC invocations=1 (full 0):
 garbage-first heap   total reserved 4098048K, committed 258048K, used 30197K [0x0000000705e00000, 0x0000000800000000)
  region size 2048K, 13 young (26624K), 2 survivors (4096K)
 Metaspace       used 15061K, committed 15360K, reserved 1114112K
  class space    used 1711K, committed 1856K, reserved 1048576K
}
Event: 173.720 GC heap after
{Heap after GC invocations=2 (full 0):
 garbage-first heap   total reserved 4098048K, committed 258048K, used 8563K [0x0000000705e00000, 0x0000000800000000)
  region size 2048K, 1 young (2048K), 1 survivors (2048K)
 Metaspace       used 15061K, committed 15360K, reserved 1114112K
  class space    used 1711K, committed 1856K, reserved 1048576K
}
Event: 94643.623 GC heap before
{Heap before GC invocations=2 (full 0):
 garbage-first heap   total reserved 4098048K, committed 258048K, used 174451K [0x0000000705e00000, 0x0000000800000000)
  region size 2048K, 30 young (61440K), 1 survivors (2048K)
 Metaspace       used 15634K, committed 15872K, reserved 1114112K
  class space    used 1721K, committed 1856K, reserved 1048576K
}
Event: 94643.738 GC heap after
{Heap after GC invocations=3 (full 0):
 garbage-first heap   total reserved 4098048K, committed 258048K, used 126819K [0x0000000705e00000, 0x0000000800000000)
  region size 2048K, 5 young (10240K), 5 survivors (10240K)
 Metaspace       used 15634K, committed 15872K, reserved 1114112K
  class space    used 1721K, committed 1856K, reserved 1048576K
}

Dll operation events (10 events):
Event: 0.011 Loaded shared library C:\Users\Speed\.p2\pool\plugins\org.eclipse.justj.openjdk.hotspot.jre.full.win32.x86_64_23.0.1.v20241024-1700\jre\bin\java.dll
Event: 0.052 Loaded shared library C:\Users\Speed\.p2\pool\plugins\org.eclipse.justj.openjdk.hotspot.jre.full.win32.x86_64_23.0.1.v20241024-1700\jre\bin\zip.dll
Event: 0.071 Loaded shared library C:\Users\Speed\.p2\pool\plugins\org.eclipse.justj.openjdk.hotspot.jre.full.win32.x86_64_23.0.1.v20241024-1700\jre\bin\jimage.dll
Event: 0.075 Loaded shared library C:\Users\Speed\.p2\pool\plugins\org.eclipse.justj.openjdk.hotspot.jre.full.win32.x86_64_23.0.1.v20241024-1700\jre\bin\net.dll
Event: 0.077 Loaded shared library C:\Users\Speed\.p2\pool\plugins\org.eclipse.justj.openjdk.hotspot.jre.full.win32.x86_64_23.0.1.v20241024-1700\jre\bin\nio.dll
Event: 0.080 Loaded shared library C:\Users\Speed\.p2\pool\plugins\org.eclipse.justj.openjdk.hotspot.jre.full.win32.x86_64_23.0.1.v20241024-1700\jre\bin\zip.dll
Event: 0.101 Loaded shared library C:\Users\Speed\.p2\pool\plugins\org.eclipse.justj.openjdk.hotspot.jre.full.win32.x86_64_23.0.1.v20241024-1700\jre\bin\awt.dll
Event: 0.254 Loaded shared library C:\Users\Speed\.p2\pool\plugins\org.eclipse.justj.openjdk.hotspot.jre.full.win32.x86_64_23.0.1.v20241024-1700\jre\bin\verify.dll
Event: 0.391 Loaded shared library C:\Users\Speed\.p2\pool\plugins\org.eclipse.justj.openjdk.hotspot.jre.full.win32.x86_64_23.0.1.v20241024-1700\jre\bin\freetype.dll
Event: 0.394 Loaded shared library C:\Users\Speed\.p2\pool\plugins\org.eclipse.justj.openjdk.hotspot.jre.full.win32.x86_64_23.0.1.v20241024-1700\jre\bin\fontmanager.dll

Deoptimization events (20 events):
Event: 65205.002 Thread 0x000001986083eec0 Uncommon trap: trap_request=0xffffff45 fr.pc=0x000001980baa3c88 relative=0x0000000000000728
Event: 65205.002 Thread 0x000001986083eec0 Uncommon trap: reason=unstable_if action=reinterpret pc=0x000001980baa3c88 method=sun.awt.GlobalCursorManager._updateCursor(Z)V @ 37 c2
Event: 65205.002 Thread 0x000001986083eec0 DEOPT PACKING pc=0x000001980baa3c88 sp=0x0000005803dfef30
Event: 65205.004 Thread 0x000001986083eec0 DEOPT UNPACKING pc=0x000001980b284402 sp=0x0000005803dfeee0 mode 2
Event: 93848.999 Thread 0x000001986083eec0 Uncommon trap: trap_request=0xffffff45 fr.pc=0x000001980bb5b330 relative=0x00000000000005d0
Event: 93849.002 Thread 0x000001986083eec0 Uncommon trap: reason=unstable_if action=reinterpret pc=0x000001980bb5b330 method=java.awt.geom.AffineTransform.setToScale(DD)V @ 33 c2
Event: 93849.003 Thread 0x000001986083eec0 DEOPT PACKING pc=0x000001980bb5b330 sp=0x0000005803dfef40
Event: 93849.005 Thread 0x000001986083eec0 DEOPT UNPACKING pc=0x000001980b284402 sp=0x0000005803dfed98 mode 2
Event: 93849.009 Thread 0x000001986083eec0 Uncommon trap: trap_request=0xffffff45 fr.pc=0x000001980ba5d178 relative=0x0000000000000138
Event: 93849.009 Thread 0x000001986083eec0 Uncommon trap: reason=unstable_if action=reinterpret pc=0x000001980ba5d178 method=java.awt.geom.AffineTransform.setToScale(DD)V @ 33 c2
Event: 93849.009 Thread 0x000001986083eec0 DEOPT PACKING pc=0x000001980ba5d178 sp=0x0000005803dfee50
Event: 93849.009 Thread 0x000001986083eec0 DEOPT UNPACKING pc=0x000001980b284402 sp=0x0000005803dfecd8 mode 2
Event: 93849.024 Thread 0x000001986083eec0 Uncommon trap: trap_request=0xffffff45 fr.pc=0x000001980ba5a8c0 relative=0x0000000000000100
Event: 93849.025 Thread 0x000001986083eec0 Uncommon trap: reason=unstable_if action=reinterpret pc=0x000001980ba5a8c0 method=java.awt.geom.AffineTransform.setToScale(DD)V @ 33 c2
Event: 93849.025 Thread 0x000001986083eec0 DEOPT PACKING pc=0x000001980ba5a8c0 sp=0x0000005803dfee70
Event: 93849.025 Thread 0x000001986083eec0 DEOPT UNPACKING pc=0x000001980b284402 sp=0x0000005803dfed98 mode 2
Event: 94644.202 Thread 0x000001985f3b8990 Uncommon trap: trap_request=0xffffff45 fr.pc=0x000001980baa7ec0 relative=0x00000000000000c0
Event: 94644.202 Thread 0x000001985f3b8990 Uncommon trap: reason=unstable_if action=reinterpret pc=0x000001980baa7ec0 method=java.lang.ref.SoftReference.get()Ljava/lang/Object; @ 6 c2
Event: 94644.202 Thread 0x000001985f3b8990 DEOPT PACKING pc=0x000001980baa7ec0 sp=0x0000005803aff0f0
Event: 94644.202 Thread 0x000001985f3b8990 DEOPT UNPACKING pc=0x000001980b284402 sp=0x0000005803aff0a8 mode 2

Classes loaded (20 events):
Event: 173.720 Loading class sun/awt/shell/Win32ShellFolder2$FolderDisposer$1
Event: 173.720 Loading class sun/awt/shell/Win32ShellFolder2$FolderDisposer$1 done
Event: 8692.302 Loading class java/util/WeakHashMap$KeyIterator
Event: 8692.306 Loading class java/util/WeakHashMap$HashIterator
Event: 8692.309 Loading class java/util/WeakHashMap$HashIterator done
Event: 8692.309 Loading class java/util/WeakHashMap$KeyIterator done
Event: 8692.338 Loading class javax/swing/RepaintManager$DisplayChangedRunnable
Event: 8692.339 Loading class javax/swing/RepaintManager$DisplayChangedRunnable done
Event: 12384.943 Loading class java/awt/desktop/SystemSleepListener
Event: 12384.961 Loading class java/awt/desktop/SystemEventListener
Event: 12384.964 Loading class java/awt/desktop/SystemEventListener done
Event: 12384.965 Loading class java/awt/desktop/SystemSleepListener done
Event: 48581.182 Loading class javax/swing/plaf/metal/MetalToolTipUI
Event: 48581.185 Loading class javax/swing/plaf/basic/BasicToolTipUI
Event: 48581.186 Loading class javax/swing/plaf/ToolTipUI
Event: 48581.186 Loading class javax/swing/plaf/ToolTipUI done
Event: 48581.186 Loading class javax/swing/plaf/basic/BasicToolTipUI done
Event: 48581.186 Loading class javax/swing/plaf/metal/MetalToolTipUI done
Event: 48581.193 Loading class javax/swing/plaf/basic/BasicToolTipUI$PropertyChangeHandler
Event: 48581.193 Loading class javax/swing/plaf/basic/BasicToolTipUI$PropertyChangeHandler done

Classes unloaded (20 events):
Event: 94643.809 Thread 0x0000019819fad3c0 Unloading class 0x000001981b00c000 'java/lang/invoke/LambdaForm$MH+0x000001981b00c000'
Event: 94643.809 Thread 0x0000019819fad3c0 Unloading class 0x000001981b00b800 'java/lang/invoke/LambdaForm$MH+0x000001981b00b800'
Event: 94643.809 Thread 0x0000019819fad3c0 Unloading class 0x000001981b00ac00 'java/lang/invoke/LambdaForm$MH+0x000001981b00ac00'
Event: 94643.809 Thread 0x0000019819fad3c0 Unloading class 0x000001981b00a800 'java/lang/invoke/LambdaForm$MH+0x000001981b00a800'
Event: 94643.809 Thread 0x0000019819fad3c0 Unloading class 0x000001981b00a000 'java/lang/invoke/LambdaForm$MH+0x000001981b00a000'
Event: 94643.810 Thread 0x0000019819fad3c0 Unloading class 0x000001981b008800 'java/lang/invoke/LambdaForm$MH+0x000001981b008800'
Event: 94643.810 Thread 0x0000019819fad3c0 Unloading class 0x000001981b008000 'java/lang/invoke/LambdaForm$MH+0x000001981b008000'
Event: 94643.810 Thread 0x0000019819fad3c0 Unloading class 0x000001981b007c00 'java/lang/invoke/LambdaForm$MH+0x000001981b007c00'
Event: 94643.810 Thread 0x0000019819fad3c0 Unloading class 0x000001981b007800 'java/lang/invoke/LambdaForm$MH+0x000001981b007800'
Event: 94643.810 Thread 0x0000019819fad3c0 Unloading class 0x000001981b007400 'java/lang/invoke/LambdaForm$MH+0x000001981b007400'
Event: 94643.810 Thread 0x0000019819fad3c0 Unloading class 0x000001981b006800 'java/lang/invoke/LambdaForm$MH+0x000001981b006800'
Event: 94643.810 Thread 0x0000019819fad3c0 Unloading class 0x000001981b006400 'java/lang/invoke/LambdaForm$MH+0x000001981b006400'
Event: 94643.810 Thread 0x0000019819fad3c0 Unloading class 0x000001981b006000 'java/lang/invoke/LambdaForm$MH+0x000001981b006000'
Event: 94643.810 Thread 0x0000019819fad3c0 Unloading class 0x000001981b005800 'java/lang/invoke/LambdaForm$MH+0x000001981b005800'
Event: 94643.811 Thread 0x0000019819fad3c0 Unloading class 0x000001981b004c00 'java/lang/invoke/LambdaForm$MH+0x000001981b004c00'
Event: 94643.811 Thread 0x0000019819fad3c0 Unloading class 0x000001981b004800 'java/lang/invoke/LambdaForm$MH+0x000001981b004800'
Event: 94643.811 Thread 0x0000019819fad3c0 Unloading class 0x000001981b004000 'java/lang/invoke/LambdaForm$MH+0x000001981b004000'
Event: 94643.811 Thread 0x0000019819fad3c0 Unloading class 0x000001981b001800 'java/lang/invoke/LambdaForm$MH+0x000001981b001800'
Event: 94643.811 Thread 0x0000019819fad3c0 Unloading class 0x000001981b000c00 'java/lang/invoke/LambdaForm$MH+0x000001981b000c00'
Event: 94643.811 Thread 0x0000019819fad3c0 Unloading class 0x000001981b000400 'java/lang/invoke/LambdaForm$MH+0x000001981b000400'

Classes redefined (0 events):
No events

Internal exceptions (20 events):
Event: 0.288 Thread 0x000001986083eec0 Exception <a 'java/lang/ClassNotFoundException'{0x0000000715078970}: net/miginfocom/layout/BoundSizeCustomizer> (0x0000000715078970) 
thrown [s\src\hotspot\share\classfile\systemDictionary.cpp, line 313]
Event: 0.306 Thread 0x000001986083eec0 Exception <a 'java/lang/NoSuchMethodError'{0x00000007150c1ce8}: 'void java.lang.invoke.DirectMethodHandle$Holder.invokeStatic(java.lang.Object, java.lang.Object)'> (0x00000007150c1ce8) 
thrown [s\src\hotspot\share\interpreter\linkResolver.cpp, line 796]
Event: 0.335 Thread 0x0000019860a079b0 Exception <a 'java/lang/NoSuchMethodError'{0x000000071517c960}: 'java.lang.Object java.lang.invoke.DirectMethodHandle$Holder.newInvokeSpecial(java.lang.Object, java.lang.Object, java.lang.Object, int, int, int, int, int)'> (0x000000071517c960) 
thrown [s\src\hotspot\share\interpreter\linkResolver.cpp, line 796]
Event: 0.372 Thread 0x000001985f3c3190 Exception <a 'java/lang/NoSuchMethodError'{0x000000071557f358}: 'void java.lang.invoke.DirectMethodHandle$Holder.invokeVirtual(java.lang.Object, java.lang.Object)'> (0x000000071557f358) 
thrown [s\src\hotspot\share\interpreter\linkResolver.cpp, line 796]
Event: 0.386 Thread 0x000001986083eec0 Exception <a 'java/lang/NoSuchMethodError'{0x0000000714e18870}: 'void java.lang.invoke.DirectMethodHandle$Holder.invokeStaticInit(java.lang.Object)'> (0x0000000714e18870) 
thrown [s\src\hotspot\share\interpreter\linkResolver.cpp, line 796]
Event: 0.475 Thread 0x000001986083eec0 Exception <a 'java/lang/NoSuchMethodError'{0x0000000714ed8650}: 'int java.lang.invoke.DirectMethodHandle$Holder.invokeVirtual(java.lang.Object, java.lang.Object)'> (0x0000000714ed8650) 
thrown [s\src\hotspot\share\interpreter\linkResolver.cpp, line 796]
Event: 0.476 Thread 0x000001986083eec0 Exception <a 'java/lang/NoSuchMethodError'{0x0000000714edcc30}: 'int java.lang.invoke.DirectMethodHandle$Holder.invokeSpecial(java.lang.Object, java.lang.Object, java.lang.Object)'> (0x0000000714edcc30) 
thrown [s\src\hotspot\share\interpreter\linkResolver.cpp, line 796]
Event: 0.480 Thread 0x000001986083eec0 Exception <a 'java/lang/NoSuchMethodError'{0x0000000714f08ba0}: 'java.lang.Object java.lang.invoke.DirectMethodHandle$Holder.invokeStatic(java.lang.Object, java.lang.Object, java.lang.Object, java.lang.Object, int)'> (0x0000000714f08ba0) 
thrown [s\src\hotspot\share\interpreter\linkResolver.cpp, line 796]
Event: 0.481 Thread 0x000001986083eec0 Exception <a 'java/lang/NoSuchMethodError'{0x0000000714f13d38}: 'int java.lang.invoke.DelegatingMethodHandle$Holder.reinvoke_L(java.lang.Object, java.lang.Object, int, int)'> (0x0000000714f13d38) 
thrown [s\src\hotspot\share\interpreter\linkResolver.cpp, line 796]
Event: 0.481 Thread 0x000001986083eec0 Exception <a 'java/lang/NoSuchMethodError'{0x0000000714f22160}: 'java.lang.Object java.lang.invoke.Invokers$Holder.invokeExact_MT(java.lang.Object, java.lang.Object, java.lang.Object, java.lang.Object, java.lang.Object)'> (0x0000000714f22160) 
thrown [s\src\hotspot\share\interpreter\linkResolver.cpp, line 796]
Event: 3.392 Thread 0x000001986083eec0 Exception <a 'java/lang/NoSuchMethodError'{0x0000000714d40bd8}: 'int java.lang.invoke.DirectMethodHandle$Holder.invokeStatic(java.lang.Object)'> (0x0000000714d40bd8) 
thrown [s\src\hotspot\share\interpreter\linkResolver.cpp, line 796]
Event: 9.919 Thread 0x000001986083eec0 Implicit null exception at 0x000001980b9d25a8 to 0x000001980b9d4060
Event: 13.749 Thread 0x000001986083eec0 Exception <a 'java/lang/NoSuchMethodError'{0x00000007148a0b08}: 'long java.lang.invoke.DirectMethodHandle$Holder.invokeSpecial(java.lang.Object, java.lang.Object)'> (0x00000007148a0b08) 
thrown [s\src\hotspot\share\interpreter\linkResolver.cpp, line 796]
Event: 13.749 Thread 0x000001986083eec0 Exception <a 'java/lang/NoSuchMethodError'{0x00000007148a4758}: 'long java.lang.invoke.Invokers$Holder.invokeExact_MT(java.lang.Object, java.lang.Object)'> (0x00000007148a4758) 
thrown [s\src\hotspot\share\interpreter\linkResolver.cpp, line 796]
Event: 69.857 Thread 0x000001986083eec0 Exception <a 'java/lang/NoSuchMethodError'{0x00000007155d73f8}: 'void java.lang.invoke.DirectMethodHandle$Holder.invokeSpecial(java.lang.Object, java.lang.Object, java.lang.Object, java.lang.Object, java.lang.Object)'> (0x00000007155d73f8) 
thrown [s\src\hotspot\share\interpreter\linkResolver.cpp, line 796]
Event: 175.835 Thread 0x000001986083eec0 Exception <a 'java/io/FileNotFoundException'{0x00000007156629f8}> (0x00000007156629f8) 
thrown [s\src\hotspot\share\prims\jni.cpp, line 520]
Event: 176.824 Thread 0x000001986083eec0 Exception <a 'java/io/FileNotFoundException'{0x000000071568f0b0}> (0x000000071568f0b0) 
thrown [s\src\hotspot\share\prims\jni.cpp, line 520]
Event: 177.761 Thread 0x000001986083eec0 Exception <a 'java/io/IOException'{0x00000007156ceaa0}: Stream Closed> (0x00000007156ceaa0) 
thrown [s\src\hotspot\share\prims\jni.cpp, line 539]
Event: 51367.238 Thread 0x000001986083eec0 Implicit null exception at 0x000001980bb108b3 to 0x000001980bb10ed0
Event: 65205.002 Thread 0x000001986083eec0 Implicit null exception at 0x000001980baa36df to 0x000001980baa3c74

VM Operations (20 events):
Event: 80937.337 Executing VM operation: RendezvousGCThreads
Event: 80937.337 Executing VM operation: RendezvousGCThreads done
Event: 93486.858 Executing VM operation: HandshakeAllThreads (HandshakeForDeflation)
Event: 93486.858 Executing VM operation: HandshakeAllThreads (HandshakeForDeflation) done
Event: 93486.858 Executing VM operation: RendezvousGCThreads
Event: 93486.858 Executing VM operation: RendezvousGCThreads done
Event: 93907.884 Executing VM operation: HandshakeAllThreads (HandshakeForDeflation)
Event: 93907.884 Executing VM operation: HandshakeAllThreads (HandshakeForDeflation) done
Event: 93907.884 Executing VM operation: RendezvousGCThreads
Event: 93907.884 Executing VM operation: RendezvousGCThreads done
Event: 94643.621 Executing VM operation: G1TryInitiateConcMark (G1 Humongous Allocation)
Event: 94643.739 Executing VM operation: G1TryInitiateConcMark (G1 Humongous Allocation) done
Event: 94643.792 Executing VM operation: G1PauseRemark
Event: 94644.197 Executing VM operation: G1PauseRemark done
Event: 94644.203 Executing VM operation: G1PauseCleanup
Event: 94644.207 Executing VM operation: G1PauseCleanup done
Event: 94689.510 Executing VM operation: HandshakeAllThreads (HandshakeForDeflation)
Event: 94689.510 Executing VM operation: HandshakeAllThreads (HandshakeForDeflation) done
Event: 94689.510 Executing VM operation: RendezvousGCThreads
Event: 94689.510 Executing VM operation: RendezvousGCThreads done

Memory protections (0 events):
No events

Nmethod flushes (0 events):
No events

Events (20 events):
Event: 200.926 Thread 0x0000019860ff7720 Thread exited: 0x0000019860ff7720
Event: 203.292 Thread 0x0000019860ff84c0 Thread exited: 0x0000019860ff84c0
Event: 209.283 Thread 0x000001985f016eb0 Thread added: 0x0000019860ff7050
Event: 209.283 Thread 0x000001985f016eb0 Thread added: 0x0000019860ffa000
Event: 209.283 Thread 0x000001985f016eb0 Thread added: 0x0000019860ffa6d0
Event: 211.098 Thread 0x0000019860ffa6d0 Thread exited: 0x0000019860ffa6d0
Event: 211.098 Thread 0x0000019860ffa000 Thread exited: 0x0000019860ffa000
Event: 211.321 Thread 0x0000019860ff7050 Thread exited: 0x0000019860ff7050
Event: 48590.207 Thread 0x000001985f016eb0 Thread added: 0x0000019860ffa000
Event: 48595.215 Thread 0x0000019860ffa000 Thread exited: 0x0000019860ffa000
Event: 48644.681 Thread 0x000001985f0147e0 Thread added: 0x0000019860ffa000
Event: 48645.308 Thread 0x0000019860ffa000 Thread exited: 0x0000019860ffa000
Event: 48652.929 Thread 0x000001985f016eb0 Thread added: 0x0000019860ff8b90
Event: 48657.941 Thread 0x0000019860ff8b90 Thread exited: 0x0000019860ff8b90
Event: 52595.990 Thread 0x000001985f016eb0 Thread added: 0x0000019860ff8b90
Event: 52595.991 Thread 0x000001985f016eb0 Thread added: 0x0000019860ffa6d0
Event: 52595.992 Thread 0x000001985f016eb0 Thread added: 0x0000019860ff7050
Event: 52601.024 Thread 0x0000019860ff7050 Thread exited: 0x0000019860ff7050
Event: 52606.039 Thread 0x0000019860ffa6d0 Thread exited: 0x0000019860ffa6d0
Event: 52611.039 Thread 0x0000019860ff8b90 Thread exited: 0x0000019860ff8b90


Dynamic libraries:
0x00007ff6e7880000 - 0x00007ff6e788e000 	C:\Users\Speed\.p2\pool\plugins\org.eclipse.justj.openjdk.hotspot.jre.full.win32.x86_64_23.0.1.v20241024-1700\jre\bin\javaw.exe
0x00007fff5b410000 - 0x00007fff5b627000 	C:\Windows\SYSTEM32\ntdll.dll
0x00007fff5af30000 - 0x00007fff5aff4000 	C:\Windows\System32\KERNEL32.DLL
0x00007fff58790000 - 0x00007fff58b60000 	C:\Windows\System32\KERNELBASE.dll
0x00007fff58ea0000 - 0x00007fff58fb1000 	C:\Windows\System32\ucrtbase.dll
0x00007fff2eb70000 - 0x00007fff2eb87000 	C:\Users\Speed\.p2\pool\plugins\org.eclipse.justj.openjdk.hotspot.jre.full.win32.x86_64_23.0.1.v20241024-1700\jre\bin\jli.dll
0x00007fff1e740000 - 0x00007fff1e75e000 	C:\Users\Speed\.p2\pool\plugins\org.eclipse.justj.openjdk.hotspot.jre.full.win32.x86_64_23.0.1.v20241024-1700\jre\bin\VCRUNTIME140.dll
0x00007fff592e0000 - 0x00007fff5948e000 	C:\Windows\System32\USER32.dll
0x00007fff578c0000 - 0x00007fff57b52000 	C:\Windows\WinSxS\amd64_microsoft.windows.common-controls_6595b64144ccf1df_6.0.22621.4830_none_270fe7d773858e80\COMCTL32.dll
0x00007fff58cd0000 - 0x00007fff58cf6000 	C:\Windows\System32\win32u.dll
0x00007fff594b0000 - 0x00007fff59557000 	C:\Windows\System32\msvcrt.dll
0x00007fff59ab0000 - 0x00007fff59ad9000 	C:\Windows\System32\GDI32.dll
0x00007fff58d80000 - 0x00007fff58e9b000 	C:\Windows\System32\gdi32full.dll
0x00007fff586f0000 - 0x00007fff5878a000 	C:\Windows\System32\msvcp_win.dll
0x00007fff5aef0000 - 0x00007fff5af21000 	C:\Windows\System32\IMM32.DLL
0x00007fff40a20000 - 0x00007fff40a2c000 	C:\Users\Speed\.p2\pool\plugins\org.eclipse.justj.openjdk.hotspot.jre.full.win32.x86_64_23.0.1.v20241024-1700\jre\bin\vcruntime140_1.dll
0x00007ffef3ce0000 - 0x00007ffef3d6d000 	C:\Users\Speed\.p2\pool\plugins\org.eclipse.justj.openjdk.hotspot.jre.full.win32.x86_64_23.0.1.v20241024-1700\jre\bin\msvcp140.dll
0x00007ffec7db0000 - 0x00007ffec8b7d000 	C:\Users\Speed\.p2\pool\plugins\org.eclipse.justj.openjdk.hotspot.jre.full.win32.x86_64_23.0.1.v20241024-1700\jre\bin\server\jvm.dll
0x00007fff59bf0000 - 0x00007fff59ca1000 	C:\Windows\System32\ADVAPI32.dll
0x00007fff59d50000 - 0x00007fff59df7000 	C:\Windows\System32\sechost.dll
0x00007fff586c0000 - 0x00007fff586e8000 	C:\Windows\System32\bcrypt.dll
0x00007fff5a680000 - 0x00007fff5a794000 	C:\Windows\System32\RPCRT4.dll
0x00007fff5a800000 - 0x00007fff5a871000 	C:\Windows\System32\WS2_32.dll
0x00007fff58210000 - 0x00007fff5825d000 	C:\Windows\SYSTEM32\POWRPROF.dll
0x00007fff51780000 - 0x00007fff517b4000 	C:\Windows\SYSTEM32\WINMM.dll
0x00007fff56a00000 - 0x00007fff56a0a000 	C:\Windows\SYSTEM32\VERSION.dll
0x00007fff57ea0000 - 0x00007fff57eb3000 	C:\Windows\SYSTEM32\UMPDC.dll
0x00007fff567e0000 - 0x00007fff567f8000 	C:\Windows\SYSTEM32\kernel.appcore.dll
0x00007fff4b4c0000 - 0x00007fff4b4ca000 	C:\Users\Speed\.p2\pool\plugins\org.eclipse.justj.openjdk.hotspot.jre.full.win32.x86_64_23.0.1.v20241024-1700\jre\bin\jimage.dll
0x00007fff57fd0000 - 0x00007fff58202000 	C:\Windows\SYSTEM32\DBGHELP.DLL
0x00007fff59560000 - 0x00007fff598f0000 	C:\Windows\System32\combase.dll
0x00007fff5b2f0000 - 0x00007fff5b3c7000 	C:\Windows\System32\OLEAUT32.dll
0x00007fff57ec0000 - 0x00007fff57ef2000 	C:\Windows\SYSTEM32\dbgcore.DLL
0x00007fff58d00000 - 0x00007fff58d7b000 	C:\Windows\System32\bcryptPrimitives.dll
0x00007fff40c80000 - 0x00007fff40c9e000 	C:\Users\Speed\.p2\pool\plugins\org.eclipse.justj.openjdk.hotspot.jre.full.win32.x86_64_23.0.1.v20241024-1700\jre\bin\java.dll
0x00007fff5b000000 - 0x00007fff5b1a1000 	C:\Windows\System32\ole32.dll
0x00007fff59e00000 - 0x00007fff5a678000 	C:\Windows\System32\SHELL32.dll
0x00007fff556a0000 - 0x00007fff55fb0000 	C:\Windows\SYSTEM32\windows.storage.dll
0x00007fff55560000 - 0x00007fff5569f000 	C:\Windows\SYSTEM32\wintypes.dll
0x00007fff59ae0000 - 0x00007fff59bea000 	C:\Windows\System32\SHCORE.dll
0x00007fff5a900000 - 0x00007fff5a95e000 	C:\Windows\System32\shlwapi.dll
0x00007fff585f0000 - 0x00007fff5861b000 	C:\Windows\SYSTEM32\profapi.dll
0x00007fff3fc40000 - 0x00007fff3fc57000 	C:\Users\Speed\.p2\pool\plugins\org.eclipse.justj.openjdk.hotspot.jre.full.win32.x86_64_23.0.1.v20241024-1700\jre\bin\zip.dll
0x00007fff40c60000 - 0x00007fff40c70000 	C:\Users\Speed\.p2\pool\plugins\org.eclipse.justj.openjdk.hotspot.jre.full.win32.x86_64_23.0.1.v20241024-1700\jre\bin\net.dll
0x00007fff56c90000 - 0x00007fff56cfa000 	C:\Windows\system32\mswsock.dll
0x00007fff3c6f0000 - 0x00007fff3c706000 	C:\Users\Speed\.p2\pool\plugins\org.eclipse.justj.openjdk.hotspot.jre.full.win32.x86_64_23.0.1.v20241024-1700\jre\bin\nio.dll
0x00007ffef4d00000 - 0x00007ffef4e8d000 	C:\Users\Speed\.p2\pool\plugins\org.eclipse.justj.openjdk.hotspot.jre.full.win32.x86_64_23.0.1.v20241024-1700\jre\bin\awt.dll
0x00007fff51490000 - 0x00007fff51527000 	C:\Windows\SYSTEM32\apphelp.dll
0x00007fff57350000 - 0x00007fff5737b000 	C:\Windows\system32\DWMAPI.DLL
0x00007fff570c0000 - 0x00007fff57171000 	C:\Windows\system32\uxtheme.dll
0x00007ffeec1f0000 - 0x00007ffeec2f0000 	C:\Windows\system32\opengl32.dll
0x00007fff40e40000 - 0x00007fff40e6d000 	C:\Windows\SYSTEM32\GLU32.dll
0x00007fff54f80000 - 0x00007fff54fb7000 	C:\Windows\SYSTEM32\dxcore.dll
0x00007fff59170000 - 0x00007fff592cf000 	C:\Windows\System32\MSCTF.dll
0x00007fff3cdc0000 - 0x00007fff3cdd0000 	C:\Users\Speed\.p2\pool\plugins\org.eclipse.justj.openjdk.hotspot.jre.full.win32.x86_64_23.0.1.v20241024-1700\jre\bin\verify.dll
0x00007ffef4c70000 - 0x00007ffef4cf7000 	C:\Users\Speed\.p2\pool\plugins\org.eclipse.justj.openjdk.hotspot.jre.full.win32.x86_64_23.0.1.v20241024-1700\jre\bin\freetype.dll
0x00007ffef4b90000 - 0x00007ffef4c68000 	C:\Users\Speed\.p2\pool\plugins\org.eclipse.justj.openjdk.hotspot.jre.full.win32.x86_64_23.0.1.v20241024-1700\jre\bin\fontmanager.dll
0x00007fff5b1d0000 - 0x00007fff5b280000 	C:\Windows\System32\clbcatq.dll
0x00007fff56ed0000 - 0x00007fff57080000 	C:\Windows\SYSTEM32\WindowsCodecs.dll
0x00007fff1c780000 - 0x00007fff1c7de000 	C:\Windows\system32\dataexchange.dll
0x00007fff4c770000 - 0x00007fff4ca15000 	C:\Windows\system32\twinapi.appcore.dll
0x00007fff3dec0000 - 0x00007fff3e006000 	C:\Windows\SYSTEM32\textinputframework.dll
0x00007fff1adb0000 - 0x00007fff1b1f9000 	C:\Windows\System32\uiautomationcore.dll
0x00007fff46a20000 - 0x00007fff46a89000 	C:\Windows\System32\OLEACC.dll
0x00007fff50e50000 - 0x00007fff50f85000 	C:\Windows\SYSTEM32\CoreMessaging.dll
0x00007fff4db90000 - 0x00007fff4defc000 	C:\Windows\SYSTEM32\CoreUIComponents.dll
0x00007fff57740000 - 0x00007fff5774c000 	C:\Windows\SYSTEM32\CRYPTBASE.DLL
0x00007fff328f0000 - 0x00007fff32905000 	C:\Windows\System32\threadpoolwinrt.dll
0x00007fff51220000 - 0x00007fff51237000 	C:\Windows\SYSTEM32\wtdccm.dll
0x00007fff3d600000 - 0x00007fff3d6b3000 	C:\Windows\WinSxS\amd64_microsoft.windows.common-controls_6595b64144ccf1df_5.82.22621.3527_none_b43b7f4b638cc64f\comctl32.dll
0x00007fff54290000 - 0x00007fff54396000 	C:\Windows\SYSTEM32\PROPSYS.dll
0x00007fff583b0000 - 0x00007fff583fe000 	C:\Windows\SYSTEM32\CFGMGR32.dll
0x00007fff2e8a0000 - 0x00007fff2e8ba000 	C:\Windows\system32\NetworkExplorer.dll
0x00007fff4ea20000 - 0x00007fff4eb5d000 	C:\Windows\System32\Windows.System.Launcher.dll
0x00007fff541f0000 - 0x00007fff54283000 	C:\Windows\System32\msvcp110_win.dll
0x00007fff50760000 - 0x00007fff5077a000 	C:\Windows\SYSTEM32\windows.staterepositorycore.dll
0x00007fff33bd0000 - 0x00007fff33bee000 	C:\Windows\SYSTEM32\MPR.dll
0x00007ffefd570000 - 0x00007ffefd59a000 	C:\Windows\System32\p9np.dll
0x00007fff296d0000 - 0x00007fff296dc000 	C:\Windows\System32\drprov.dll
0x00007ffefdcf0000 - 0x00007ffefdd09000 	C:\Windows\System32\ntlanman.dll
0x00007ffefdcd0000 - 0x00007ffefdcef000 	C:\Windows\System32\davclnt.dll
0x00007fff56210000 - 0x00007fff56276000 	C:\Windows\System32\WINSTA.dll
0x00007fff53050000 - 0x00007fff5306a000 	C:\Windows\System32\wkscli.dll
0x00007fff2f510000 - 0x00007fff2f522000 	C:\Windows\SYSTEM32\cscapi.dll
0x00007fff56280000 - 0x00007fff5628c000 	C:\Windows\System32\netutils.dll
0x00007ffef3dd0000 - 0x00007ffef3e2d000 	C:\Windows\System32\dlnashext.dll
0x00007fff146d0000 - 0x00007fff14739000 	C:\Windows\System32\PlayToDevice.dll
0x00007fff4bba0000 - 0x00007fff4bbc1000 	C:\Windows\System32\DevDispItemProvider.dll
0x00007fff4bc50000 - 0x00007fff4bcee000 	C:\Windows\System32\MMDevApi.dll
0x00007fff58380000 - 0x00007fff583ac000 	C:\Windows\System32\DEVOBJ.dll
0x00007fff14740000 - 0x00007fff147ea000 	C:\Windows\system32\wpdshext.dll
0x00007fff46b40000 - 0x00007fff46cfa000 	C:\Windows\WinSxS\amd64_microsoft.windows.gdiplus_6595b64144ccf1df_1.1.22621.4830_none_57fadabcce18084e\gdiplus.dll
0x00007ffeee150000 - 0x00007ffeee1ef000 	C:\Windows\System32\PortableDeviceApi.dll
0x00007fff5a960000 - 0x00007fff5add4000 	C:\Windows\System32\SETUPAPI.dll
0x00007fff58fc0000 - 0x00007fff59032000 	C:\Windows\System32\WINTRUST.dll
0x00007fff58b60000 - 0x00007fff58cc6000 	C:\Windows\System32\CRYPT32.dll
0x00007fff57780000 - 0x00007fff57792000 	C:\Windows\SYSTEM32\MSASN1.dll
0x00007fff3ae30000 - 0x00007fff3ae61000 	C:\Windows\System32\PortableDeviceTypes.dll
0x00007ffef40e0000 - 0x00007ffef4117000 	C:\Windows\System32\EhStorShell.dll
0x00007fff39cd0000 - 0x00007fff39cf4000 	C:\Windows\System32\EhStorAPI.dll
0x00007fff56610000 - 0x00007fff56624000 	C:\Windows\System32\WTSAPI32.dll
0x00007fff3c5c0000 - 0x00007fff3c5cd000 	C:\Windows\SYSTEM32\LINKINFO.dll
0x00007fff57f90000 - 0x00007fff57fc4000 	C:\Windows\SYSTEM32\ntmarta.dll
0x00007fff26310000 - 0x00007fff2637b000 	C:\Windows\system32\Ninput.dll

dbghelp: loaded successfully - version: 4.0.5 - missing functions: none
symbol engine: initialized successfully - sym options: 0x614 - pdb path: .;C:\Users\Speed\.p2\pool\plugins\org.eclipse.justj.openjdk.hotspot.jre.full.win32.x86_64_23.0.1.v20241024-1700\jre\bin;C:\Windows\SYSTEM32;C:\Windows\WinSxS\amd64_microsoft.windows.common-controls_6595b64144ccf1df_6.0.22621.4830_none_270fe7d773858e80;C:\Users\Speed\.p2\pool\plugins\org.eclipse.justj.openjdk.hotspot.jre.full.win32.x86_64_23.0.1.v20241024-1700\jre\bin\server;C:\Windows\WinSxS\amd64_microsoft.windows.common-controls_6595b64144ccf1df_5.82.22621.3527_none_b43b7f4b638cc64f;C:\Windows\WinSxS\amd64_microsoft.windows.gdiplus_6595b64144ccf1df_1.1.22621.4830_none_57fadabcce18084e

VM Arguments:
jvm_args: -Dfile.encoding=UTF-8 -Dstdout.encoding=UTF-8 -Dstderr.encoding=UTF-8 -XX:+ShowCodeDetailsInExceptionMessages 
java_command: EmployeeDetails
java_class_path (initial): C:\Users\Speed\Desktop\RefactoringExercise\bin;C:\Users\Speed\Downloads\miglayout-4.0.jar\miglayout-4.0.jar
Launcher Type: SUN_STANDARD

[Global flags]
     intx CICompilerCount                          = 12                                        {product} {ergonomic}
     uint ConcGCThreads                            = 3                                         {product} {ergonomic}
     uint G1ConcRefinementThreads                  = 13                                        {product} {ergonomic}
   size_t G1HeapRegionSize                         = 2097152                                   {product} {ergonomic}
   size_t InitialHeapSize                          = 264241152                                 {product} {ergonomic}
   size_t MarkStackSize                            = 4194304                                   {product} {ergonomic}
   size_t MarkStackSizeMax                         = 536870912                                 {product} {ergonomic}
   size_t MaxHeapSize                              = 4196401152                                {product} {ergonomic}
   size_t MaxNewSize                               = 2516582400                                {product} {ergonomic}
   size_t MinHeapDeltaBytes                        = 2097152                                   {product} {ergonomic}
   size_t MinHeapSize                              = 8388608                                   {product} {ergonomic}
    uintx NonNMethodCodeHeapSize                   = 7602176                                {pd product} {ergonomic}
    uintx NonProfiledCodeHeapSize                  = 122093568                              {pd product} {ergonomic}
    uintx ProfiledCodeHeapSize                     = 121962496                              {pd product} {ergonomic}
    uintx ReservedCodeCacheSize                    = 251658240                              {pd product} {ergonomic}
     bool SegmentedCodeCache                       = true                                      {product} {ergonomic}
     bool ShowCodeDetailsInExceptionMessages       = true                                   {manageable} {command line}
   size_t SoftMaxHeapSize                          = 4196401152                             {manageable} {ergonomic}
     bool UseCompressedOops                        = true                           {product lp64_product} {ergonomic}
     bool UseG1GC                                  = true                                      {product} {ergonomic}
     bool UseLargePagesIndividualAllocation        = false                                  {pd product} {ergonomic}

Logging:
Log output configuration:
 #0: stdout all=warning uptime,level,tags foldmultilines=false
 #1: stderr all=off uptime,level,tags foldmultilines=false

Environment Variables:
JAVA_HOME=C:\Program Files\Java\jdk-17
PATH=C:/Users/Speed/.p2/pool/plugins/org.eclipse.justj.openjdk.hotspot.jre.full.win32.x86_64_23.0.1.v20241024-1700/jre/bin/server;C:/Users/Speed/.p2/pool/plugins/org.eclipse.justj.openjdk.hotspot.jre.full.win32.x86_64_23.0.1.v20241024-1700/jre/bin;C:\Program Files\Common Files\Oracle\Java\javapath;C:\Program Files (x86)\Common Files\Oracle\Java\java8path;C:\Program Files (x86)\Common Files\Oracle\Java\javapath;C:\Windows\system32;C:\Windows;C:\Windows\System32\Wbem;C:\Windows\System32\WindowsPowerShell\v1.0\;C:\Windows\System32\OpenSSH\;C:\Program Files (x86)\NVIDIA Corporation\PhysX\Common;C:\Program Files\Git\cmd;C:\Program Files\nodejs\;C:\Program Files\Docker\Docker\resources\bin;C:\Program Files\NVIDIA Corporation\NVIDIA app\NvDLISR;C:\Program Files\MySQL\MySQL Shell 8.0\bin\;C:\Users\Speed\AppData\Local\Microsoft\WindowsApps;C:\Users\Speed\AppData\Local\Programs\Microsoft VS Code\bin;C:\Users\Speed\AppData\Roaming\npm;C:\Users\Speed\AppData\Local\GitHubDesktop\bin;C:\Windows\system32;
USERNAME=Speed
OS=Windows_NT
PROCESSOR_IDENTIFIER=Intel64 Family 6 Model 154 Stepping 3, GenuineIntel
TMP=C:\Users\Speed\AppData\Local\Temp
TEMP=C:\Users\Speed\AppData\Local\Temp




Periodic native trim disabled

---------------  S Y S T E M  ---------------

OS:
 Windows 11 , 64 bit Build 22621 (10.0.22621.4830)
OS uptime: 4 days 12:23 hours
Hyper-V role detected

CPU: total 16 (initial active 16) (8 cores per cpu, 2 threads per core) family 6 model 154 stepping 3 microcode 0x434, cx8, cmov, fxsr, ht, mmx, 3dnowpref, sse, sse2, sse3, ssse3, sse4.1, sse4.2, popcnt, lzcnt, tsc, tscinvbit, avx, avx2, aes, erms, clmul, bmi1, bmi2, adx, sha, fma, vzeroupper, clflush, clflushopt, clwb, hv, serialize, rdtscp, rdpid, fsrm, gfni, f16c, cet_ibt, cet_ss
Processor Information for the first 16 processors :
  Max Mhz: 2500, Current Mhz: 2500, Mhz Limit: 2500

Memory: 4k page, system-wide physical 16004M (2258M free)
TotalPageFile size 39707M (AvailPageFile size 7522M)
current process WorkingSet (physical memory assigned to process): 26M, peak: 155M
current process commit charge ("private bytes"): 391M, peak: 430M

vm_info: OpenJDK 64-Bit Server VM (23.0.1+11) for windows-amd64 JRE (23.0.1+11), built on 2024-10-15T00:00:00Z with MS VC++ 17.7 (VS2022)

END.
